Log file open, 08/01/21 19:34:48
LogWindows: Failed to load 'aqProf.dll' (GetLastError=126)
LogWindows: File 'aqProf.dll' does not exist
LogWindows: Failed to load 'VSPerf140.dll' (GetLastError=126)
LogWindows: File 'VSPerf140.dll' does not exist
LogWindows: Failed to load 'VtuneApi.dll' (GetLastError=126)
LogWindows: File 'VtuneApi.dll' does not exist
LogWindows: Failed to load 'VtuneApi32e.dll' (GetLastError=126)
LogWindows: File 'VtuneApi32e.dll' does not exist
LogInit: Display: Running engine for game: Middleware_Alfredo
LogPlatformFile: Not using cached read wrapper
LogTaskGraph: Started task graph with 5 named threads and 47 total threads with 3 sets of task threads.
LogStats: Stats thread started at 1.232861
LogD3D11RHI: Loaded GFSDK_Aftermath_Lib.x64.dll
LogICUInternationalization: Display: ICU TimeZone Detection - Raw Offset: +1:00, Platform Override: ''
LogPluginManager: Mounting plugin Paper2D
LogPluginManager: Mounting plugin AISupport
LogPluginManager: Mounting plugin LightPropagationVolume
LogPluginManager: Mounting plugin CLionSourceCodeAccess
LogPluginManager: Mounting plugin CodeLiteSourceCodeAccess
LogPluginManager: Mounting plugin GitSourceControl
LogPluginManager: Mounting plugin KDevelopSourceCodeAccess
LogPluginManager: Mounting plugin NullSourceCodeAccess
LogPluginManager: Mounting plugin PerforceSourceControl
LogPluginManager: Mounting plugin SubversionSourceControl
LogPluginManager: Mounting plugin UObjectPlugin
LogPluginManager: Mounting plugin VisualStudioCodeSourceCodeAccess
LogPluginManager: Mounting plugin VisualStudioSourceCodeAccess
LogPluginManager: Mounting plugin XCodeSourceCodeAccess
LogPluginManager: Mounting plugin AssetManagerEditor
LogPluginManager: Mounting plugin CryptoKeys
LogPluginManager: Mounting plugin DataValidation
LogPluginManager: Mounting plugin FacialAnimation
LogPluginManager: Mounting plugin GameplayTagsEditor
LogPluginManager: Mounting plugin MacGraphicsSwitching
LogPluginManager: Mounting plugin MeshEditor
LogPluginManager: Mounting plugin MobileLauncherProfileWizard
LogPluginManager: Mounting plugin PluginBrowser
LogPluginManager: Mounting plugin SpeedTreeImporter
LogPluginManager: Mounting plugin DatasmithContent
LogPluginManager: Mounting plugin AlembicImporter
LogPluginManager: Mounting plugin AppleImageUtils
LogPluginManager: Mounting plugin AppleVision
LogPluginManager: Mounting plugin BackChannel
LogPluginManager: Mounting plugin CharacterAI
LogPluginManager: Mounting plugin GeometryCache
LogPluginManager: Mounting plugin HTML5Networking
LogPluginManager: Mounting plugin ProxyLODPlugin
LogPluginManager: Mounting plugin MagicLeap
LogPluginManager: Mounting plugin MagicLeapEmulator
LogPluginManager: Mounting plugin MagicLeapMedia
LogPluginManager: Mounting plugin AndroidMedia
LogPluginManager: Mounting plugin AvfMedia
LogPluginManager: Mounting plugin ImgMedia
LogPluginManager: Mounting plugin LinearTimecode
LogPluginManager: Mounting plugin MediaCompositing
LogPluginManager: Mounting plugin MediaPlayerEditor
LogPluginManager: Mounting plugin WmfMedia
LogPluginManager: Mounting plugin TcpMessaging
LogPluginManager: Mounting plugin UdpMessaging
LogPluginManager: Mounting plugin ActorSequence
LogPluginManager: Mounting plugin LevelSequenceEditor
LogPluginManager: Mounting plugin MatineeToLevelSequence
LogPluginManager: Mounting plugin NetcodeUnitTest
LogPluginManager: Mounting plugin NUTUnrealEngine4
LogPluginManager: Mounting plugin OnlineSubsystemGooglePlay
LogPluginManager: Mounting plugin OnlineSubsystemIOS
LogPluginManager: Mounting plugin OnlineSubsystem
LogPluginManager: Mounting plugin OnlineSubsystemNull
LogPluginManager: Mounting plugin OnlineSubsystemUtils
LogPluginManager: Mounting plugin LauncherChunkInstaller
LogPluginManager: Mounting plugin AndroidDeviceProfileSelector
LogPluginManager: Mounting plugin AndroidMoviePlayer
LogPluginManager: Mounting plugin AndroidPermission
LogPluginManager: Mounting plugin AppleMoviePlayer
LogPluginManager: Mounting plugin ArchVisCharacter
LogPluginManager: Mounting plugin AudioCapture
LogPluginManager: Mounting plugin CableComponent
LogPluginManager: Mounting plugin CustomMeshComponent
LogPluginManager: Mounting plugin EditableMesh
LogPluginManager: Mounting plugin ExampleDeviceProfileSelector
LogPluginManager: Mounting plugin GoogleCloudMessaging
LogPluginManager: Mounting plugin ImmediatePhysics
LogPluginManager: Mounting plugin IOSDeviceProfileSelector
LogPluginManager: Mounting plugin LinuxDeviceProfileSelector
LogPluginManager: Mounting plugin LocationServicesBPLibrary
LogPluginManager: Mounting plugin MobilePatchingUtils
LogPluginManager: Mounting plugin OculusVR
LogPluginManager: Plugin shader directory ../../../Engine/Plugins/Runtime/Oculus/OculusVR/Shaders found
LogPluginManager: Mapping shader source directory ../../../Engine/Plugins/Runtime/Oculus/OculusVR/Shaders to virtual directory /Plugin/OculusVR
LogPluginManager: Mounting plugin PhysXVehicles
LogPluginManager: Mounting plugin ProceduralMeshComponent
LogPluginManager: Mounting plugin RuntimePhysXCooking
LogPluginManager: Mounting plugin SteamVR
LogPluginManager: Mounting plugin WindowsMoviePlayer
LogStreaming: Display: Took  0.118s to configure plugins.
LogInit: Using libcurl 7.55.1-DEV
LogInit:  - built for x86_64-pc-win32
LogInit:  - supports SSL with OpenSSL/1.0.2h
LogInit:  - supports HTTP deflate (compression) using libz 1.2.8
LogInit:  - other features:
LogInit:      CURL_VERSION_SSL
LogInit:      CURL_VERSION_LIBZ
LogInit:      CURL_VERSION_IPV6
LogInit:      CURL_VERSION_ASYNCHDNS
LogInit:      CURL_VERSION_LARGEFILE
LogInit:      CURL_VERSION_IDN
LogInit:  CurlRequestOptions (configurable via config and command line):
LogInit:  - bVerifyPeer = false  - Libcurl will NOT verify peer certificate
LogInit:  - bUseHttpProxy = false  - Libcurl will NOT use HTTP proxy
LogInit:  - bDontReuseConnections = false  - Libcurl will reuse connections
LogInit:  - CertBundlePath = nullptr  - Libcurl will use whatever was configured at build time.
LogInit:  - MaxHostConnections = 16  - Libcurl will limit the number of connections to a host
LogInit:  - LocalHostAddr = Default
LogInit:  - BufferSize = 65536
LogInit: WinSock: version 1.1 (2.2), MaxSocks=32767, MaxUdp=65467
LogInit: Build: ++UE4+Release-4.20-CL-4369336
LogInit: Engine Version: 4.20.3-4369336+++UE4+Release-4.20
LogInit: Compatible Engine Version: 4.20.0-4212847+++UE4+Release-4.20
LogInit: Net CL: 4212847
LogInit: OS: Windows 10 (), CPU: Intel(R) Core(TM) i9-9900K CPU @ 3.60GHz, GPU: NVIDIA GeForce RTX 2070
LogInit: Compiled (64-bit): Sep 17 2018 12:26:19
LogInit: Compiled with Visual C++: 19.13.26129.00
LogInit: Build Configuration: Development
LogInit: Branch Name: ++UE4+Release-4.20
LogInit: Command Line:  
LogInit: Base Directory: C:/Program Files/Epic Games/UE_4.20/Engine/Binaries/Win64/
LogInit: Installed Engine Build: 1
LogDevObjectVersion: Number of dev versions registered: 20
LogDevObjectVersion:   Dev-Blueprints (B0D832E4-1F89-4F0D-ACCF-7EB736FD4AA2): 10
LogDevObjectVersion:   Dev-Build (E1C64328-A22C-4D53-A36C-8E866417BD8C): 0
LogDevObjectVersion:   Dev-Core (375EC13C-06E4-48FB-B500-84F0262A717E): 2
LogDevObjectVersion:   Dev-Editor (E4B068ED-F494-42E9-A231-DA0B2E46BB41): 24
LogDevObjectVersion:   Dev-Framework (CFFC743F-43B0-4480-9391-14DF171D2073): 34
LogDevObjectVersion:   Dev-Mobile (B02B49B5-BB20-44E9-A304-32B752E40360): 2
LogDevObjectVersion:   Dev-Networking (A4E4105C-59A1-49B5-A7C5-40C4547EDFEE): 0
LogDevObjectVersion:   Dev-Online (39C831C9-5AE6-47DC-9A44-9C173E1C8E7C): 0
LogDevObjectVersion:   Dev-Physics (78F01B33-EBEA-4F98-B9B4-84EACCB95AA2): 0
LogDevObjectVersion:   Dev-Platform (6631380F-2D4D-43E0-8009-CF276956A95A): 0
LogDevObjectVersion:   Dev-Rendering (12F88B9F-8875-4AFC-A67C-D90C383ABD29): 26
LogDevObjectVersion:   Dev-Sequencer (7B5AE74C-D270-4C10-A958-57980B212A5A): 9
LogDevObjectVersion:   Dev-VR (D7296918-1DD6-4BDD-9DE2-64A83CC13884): 2
LogDevObjectVersion:   Dev-LoadTimes (C2A15278-BFE7-4AFE-6C17-90FF531DF755): 1
LogDevObjectVersion:   Private-Geometry (6EACA3D4-40EC-4CC1-B786-8BED09428FC5): 3
LogDevObjectVersion:   Dev-AnimPhys (29E575DD-E0A3-4627-9D10-D276232CDCEA): 17
LogDevObjectVersion:   Dev-ReflectionCapture (6B266CEC-1EC7-4B8F-A30B-E4D90942FC07): 1
LogDevObjectVersion:   Dev-Automation (0DF73D61-A23F-47EA-B727-89E90C41499A): 1
LogDevObjectVersion:   FortniteMain (601D1886-AC64-4F84-AA16-D3DE0DEAC7D6): 12
LogDevObjectVersion:   Dev-Enterprise (9DFFBCD6-494F-0158-E221-12823C92A888): 1
LogStreaming: Display: Took  0.001s to delete old logs.
LogInit: Presizing for max 8388607 objects, including 0 objects not considered by GC, pre-allocating 0 bytes for permanent pool.
LogInit: Object subsystem initialized
[2021.08.01-17.34.49:555][  0]LogInit: Selected Device Profile: [Windows]
[2021.08.01-17.34.49:556][  0]LogInit: Applying CVar settings loaded from the selected device profile: [Windows]
[2021.08.01-17.34.49:564][  0]LogHAL: Display: Platform has ~ 16 GB [17115099136 / 17179869184 / 16], which maps to Larger [LargestMinGB=32, LargerMinGB=12, DefaultMinGB=8, SmallerMinGB=6, SmallestMinGB=0)
[2021.08.01-17.34.49:564][  0]LogInit: Setting Device Profile CVar: [[r.Vulkan.UseRealUBs:1]]
[2021.08.01-17.34.49:564][  0]LogInit: Going up to parent DeviceProfile []
[2021.08.01-17.34.49:566][  0]LogInit: Computer: DESKTOP-U1T8ECC
[2021.08.01-17.34.49:566][  0]LogInit: User: AP
[2021.08.01-17.34.49:566][  0]LogInit: CPU Page size=4096, Cores=8
[2021.08.01-17.34.49:566][  0]LogInit: High frequency timer resolution =10.000000 MHz
[2021.08.01-17.34.49:566][  0]LogMemory: Memory total: Physical=15.9GB (16GB approx)
[2021.08.01-17.34.49:566][  0]LogMemory: Platform Memory Stats for Windows
[2021.08.01-17.34.49:566][  0]LogMemory: Process Physical Memory: 104.48 MB used, 104.48 MB peak
[2021.08.01-17.34.49:566][  0]LogMemory: Process Virtual Memory: 91.15 MB used, 91.15 MB peak
[2021.08.01-17.34.49:566][  0]LogMemory: Physical Memory: 7989.70 MB used,  8332.54 MB free, 16322.23 MB total
[2021.08.01-17.34.49:566][  0]LogMemory: Virtual Memory: 4662.16 MB used,  8332.54 MB free, 134217728.00 MB total
[2021.08.01-17.34.49:844][  0]LogInit: Overriding language with editor language configuration option (en).
[2021.08.01-17.34.49:844][  0]LogInit: Overriding locale with editor locale configuration option (en).
[2021.08.01-17.34.50:173][  0]LogStreaming: Display: Took  0.329s to InitEngineTextLocalization.
[2021.08.01-17.34.50:173][  0]LogInit: Setting process to per monitor DPI aware
[2021.08.01-17.34.50:248][  0]LogSlate: New Slate User Created.  User Index 0, Is Virtual User: 0
[2021.08.01-17.34.50:248][  0]LogSlate: Slate User Registered.  User Index 0, Is Virtual User: 0
[2021.08.01-17.34.52:033][  0]LogHMD: Failed to initialize OpenVR with code 110
[2021.08.01-17.34.52:033][  0]LogD3D11RHI: D3D11 adapters:
[2021.08.01-17.34.52:133][  0]LogD3D11RHI:    0. 'NVIDIA GeForce RTX 2070' (Feature Level 11_0)
[2021.08.01-17.34.52:133][  0]LogD3D11RHI:       8031/0/8161 MB DedicatedVideo/DedicatedSystem/SharedSystem, Outputs:2, VendorId:0x10de
[2021.08.01-17.34.52:135][  0]LogD3D11RHI:    1. 'Microsoft Basic Render Driver' (Feature Level 11_0)
[2021.08.01-17.34.52:135][  0]LogD3D11RHI:       0/0/8161 MB DedicatedVideo/DedicatedSystem/SharedSystem, Outputs:0, VendorId:0x1414
[2021.08.01-17.34.52:135][  0]LogD3D11RHI: Chosen D3D11 Adapter: 0
[2021.08.01-17.34.52:140][  0]LogD3D11RHI: Creating new Direct3DDevice
[2021.08.01-17.34.52:140][  0]LogD3D11RHI:     GPU DeviceId: 0x1f02 (for the marketing name, search the web for "GPU Device Id")
[2021.08.01-17.34.52:140][  0]LogWindows: EnumDisplayDevices:
[2021.08.01-17.34.52:140][  0]LogWindows:    0. 'NVIDIA GeForce RTX 2070' (P:1 D:1)
[2021.08.01-17.34.52:140][  0]LogWindows:    1. 'NVIDIA GeForce RTX 2070' (P:0 D:1)
[2021.08.01-17.34.52:141][  0]LogWindows:    2. 'NVIDIA GeForce RTX 2070' (P:0 D:0)
[2021.08.01-17.34.52:141][  0]LogWindows:    3. 'NVIDIA GeForce RTX 2070' (P:0 D:0)
[2021.08.01-17.34.52:141][  0]LogWindows: DebugString: FoundDriverCount:4 
[2021.08.01-17.34.52:141][  0]LogD3D11RHI:     Adapter Name: NVIDIA GeForce RTX 2070
[2021.08.01-17.34.52:141][  0]LogD3D11RHI:   Driver Version: 465.89 (internal:27.21.14.6589, unified:465.89)
[2021.08.01-17.34.52:141][  0]LogD3D11RHI:      Driver Date: 3-25-2021
[2021.08.01-17.34.52:141][  0]LogRHI: Texture pool is 5621 MB (70% of 8031 MB)
[2021.08.01-17.34.52:219][  0]LogD3D11RHI: Async texture creation enabled
[2021.08.01-17.34.52:256][  0]LogD3D11RHI: GPU Timing Frequency: 1000.000000 (Debug: 2 2)
[2021.08.01-17.34.52:262][  0]LogShaderCompilers: Guid format shader working directory is -61 characters bigger than the processId version (../../../../../../Users/AP/Desktop/Files/MiddleWare/EntregaFInalMiddleware/Middleware_Alfredo_UE_4_20_3/Intermediate/Shaders/WorkingDirectory/18240/).
[2021.08.01-17.34.52:262][  0]LogShaderCompilers: Cleaned the shader compiler working directory 'C:/Users/AP/AppData/Local/Temp/UnrealShaderWorkingDir/4AF850B74E3873990267F7A43C21749E/'.
[2021.08.01-17.34.52:512][  0]LogTemp: Display: Loaded TP AllDesktopTargetPlatform
[2021.08.01-17.34.52:524][  0]LogTemp: Display: Loaded TP MacClientTargetPlatform
[2021.08.01-17.34.52:536][  0]LogTemp: Display: Loaded TP MacNoEditorTargetPlatform
[2021.08.01-17.34.52:550][  0]LogTemp: Display: Loaded TP MacServerTargetPlatform
[2021.08.01-17.34.52:563][  0]LogTemp: Display: Loaded TP MacTargetPlatform
[2021.08.01-17.34.52:576][  0]LogTemp: Display: Loaded TP WindowsClientTargetPlatform
[2021.08.01-17.34.52:588][  0]LogTemp: Display: Loaded TP WindowsNoEditorTargetPlatform
[2021.08.01-17.34.52:602][  0]LogTemp: Display: Loaded TP WindowsServerTargetPlatform
[2021.08.01-17.34.52:609][  0]LogTemp: Display: Loaded TP WindowsTargetPlatform
[2021.08.01-17.34.52:672][  0]LogTemp: Display: Loaded TP AndroidTargetPlatform
[2021.08.01-17.34.52:672][  0]LogTemp: Display: Loaded TP AndroidTargetPlatform
[2021.08.01-17.34.52:673][  0]LogTemp: Display: Loaded TP AndroidTargetPlatform
[2021.08.01-17.34.52:673][  0]LogTemp: Display: Loaded TP AndroidTargetPlatform
[2021.08.01-17.34.52:673][  0]LogTemp: Display: Loaded TP AndroidTargetPlatform
[2021.08.01-17.34.52:673][  0]LogTemp: Display: Loaded TP AndroidTargetPlatform
[2021.08.01-17.34.52:673][  0]LogTemp: Display: Loaded TP AndroidTargetPlatform
[2021.08.01-17.34.52:673][  0]LogTemp: Display: Loaded TP AndroidTargetPlatform
[2021.08.01-17.34.52:673][  0]LogTemp: Display: Loaded TP AndroidTargetPlatform
[2021.08.01-17.34.52:673][  0]LogTemp: Display: Loaded TP AndroidTargetPlatform
[2021.08.01-17.34.52:673][  0]LogTemp: Display: Loaded TP AndroidTargetPlatform
[2021.08.01-17.34.52:673][  0]LogTemp: Display: Loaded TP AndroidTargetPlatform
[2021.08.01-17.34.52:673][  0]LogTemp: Display: Loaded TP AndroidTargetPlatform
[2021.08.01-17.34.52:673][  0]LogTemp: Display: Loaded TP AndroidTargetPlatform
[2021.08.01-17.34.52:673][  0]LogTemp: Display: Loaded TP AndroidTargetPlatform
[2021.08.01-17.34.52:673][  0]LogTemp: Display: Loaded TP AndroidTargetPlatform
[2021.08.01-17.34.52:673][  0]LogTemp: Display: Loaded TP AndroidTargetPlatform
[2021.08.01-17.34.52:673][  0]LogTemp: Display: Loaded TP AndroidTargetPlatform
[2021.08.01-17.34.52:676][  0]LogTemp: Display: Loaded TP HTML5TargetPlatform
[2021.08.01-17.34.52:738][  0]LogTemp: Display: Loaded TP IOSTargetPlatform
[2021.08.01-17.34.52:738][  0]LogTemp: Display: Loaded TP IOSTargetPlatform
[2021.08.01-17.34.52:759][  0]LogTemp: Display: Loaded TP TVOSTargetPlatform
[2021.08.01-17.34.52:759][  0]LogTemp: Display: Loaded TP TVOSTargetPlatform
[2021.08.01-17.34.52:771][  0]LogTemp: Display: Loaded TP LinuxClientTargetPlatform
[2021.08.01-17.34.52:782][  0]LogTemp: Display: Loaded TP LinuxNoEditorTargetPlatform
[2021.08.01-17.34.52:794][  0]LogTemp: Display: Loaded TP LinuxServerTargetPlatform
[2021.08.01-17.34.52:806][  0]LogTemp: Display: Loaded TP LinuxTargetPlatform
[2021.08.01-17.34.52:814][  0]LogTemp: Display: Loaded TP LuminTargetPlatform
[2021.08.01-17.34.52:814][  0]LogTargetPlatformManager: Display: Building Assets For Windows
[2021.08.01-17.34.52:929][  0]LogXGEController: Cleaning working directory: C:/Users/AP/AppData/Local/Temp/UnrealXGEWorkingDir/
[2021.08.01-17.34.52:930][  0]LogXGEController: Cannot use XGE Controller as Incredibuild is not installed on this machine.
[2021.08.01-17.34.52:930][  0]LogShaderCompilers: Cannot use XGE Shader Compiler as Incredibuild is not installed on this machine.
[2021.08.01-17.34.52:930][  0]LogShaderCompilers: Display: Using Local Shader Compiler.
[2021.08.01-17.34.54:651][  0]LogDerivedDataCache: Display: Max Cache Size: 512 MB
[2021.08.01-17.34.54:834][  0]LogDerivedDataCache: Loaded boot cache 0.18s 71MB C:/Users/AP/AppData/Local/UnrealEngine/4.20/DerivedDataCache/Boot.ddc.
[2021.08.01-17.34.54:834][  0]LogDerivedDataCache: Display: Loaded Boot cache: C:/Users/AP/AppData/Local/UnrealEngine/4.20/DerivedDataCache/Boot.ddc
[2021.08.01-17.34.54:834][  0]LogDerivedDataCache: FDerivedDataBackendGraph:  Pak pak cache file ../../../../../../Users/AP/Desktop/Files/MiddleWare/EntregaFInalMiddleware/Middleware_Alfredo_UE_4_20_3/DerivedDataCache/DDC.ddp not found, will not use a pak cache.
[2021.08.01-17.34.54:834][  0]LogDerivedDataCache: Unable to find inner node Pak for hierarchical cache Hierarchy.
[2021.08.01-17.34.54:834][  0]LogDerivedDataCache: FDerivedDataBackendGraph:  CompressedPak pak cache file ../../../../../../Users/AP/Desktop/Files/MiddleWare/EntregaFInalMiddleware/Middleware_Alfredo_UE_4_20_3/DerivedDataCache/Compressed.ddp not found, will not use a pak cache.
[2021.08.01-17.34.54:834][  0]LogDerivedDataCache: Unable to find inner node CompressedPak for hierarchical cache Hierarchy.
[2021.08.01-17.34.54:854][  0]LogDerivedDataCache: Display: Pak cache opened for reading ../../../Engine/DerivedDataCache/Compressed.ddp.
[2021.08.01-17.34.54:866][  0]LogDerivedDataCache: Using Local data cache path C:/Users/AP/AppData/Local/UnrealEngine/Common/DerivedDataCache: Writable
[2021.08.01-17.34.54:866][  0]LogDerivedDataCache: Shared data cache path not found in *engine.ini, will not use an Shared cache.
[2021.08.01-17.34.54:866][  0]LogDerivedDataCache: Unable to find inner node Shared for hierarchical cache Hierarchy.
[2021.08.01-17.34.54:882][  0]LogMaterial: Verifying Global Shaders for PCD3D_SM5
[2021.08.01-17.34.54:886][  0]LogSlate: Using FreeType 2.6.0
[2021.08.01-17.34.54:899][  0]LogSlate: SlateFontServices - WITH_FREETYPE: 1, WITH_HARFBUZZ: 1
[2021.08.01-17.34.55:043][  0]LogAssetRegistry: FAssetRegistry took 0.0279 seconds to start up
[2021.08.01-17.34.55:331][  0]LogInit: Selected Device Profile: [Windows]
[2021.08.01-17.34.55:593][  0]LogSimplygon: Simplygon DLL not present - disabling.
[2021.08.01-17.34.55:609][  0]LogMeshReduction: Using SimplygonSwarm for distributed automatic mesh merging
[2021.08.01-17.34.55:609][  0]LogMeshReduction: Using ProxyLODMeshReduction for automatic mesh merging
[2021.08.01-17.34.55:610][  0]LogMeshReduction: Using QuadricMeshReduction for automatic static mesh reduction
[2021.08.01-17.34.55:610][  0]LogMeshReduction: No automatic skeletal mesh reduction module available
[2021.08.01-17.34.55:658][  0]LogNetVersion: Middleware_Alfredo 1.0.0, NetCL: 4212847, EngineNetVer: 5, GameNetVer: 0 (Checksum: 4117865472)
[2021.08.01-17.34.56:680][  0]LogPackageLocalizationCache: Processed 11 localized package path(s) for 1 prioritized culture(s) in 0.041977 seconds
[2021.08.01-17.34.56:685][  0]LogUObjectArray: 38425 objects as part of root set at end of initial load.
[2021.08.01-17.34.56:685][  0]LogUObjectAllocator: 6690864 out of 0 bytes used by permanent object pool.
[2021.08.01-17.34.56:685][  0]LogUObjectArray: CloseDisregardForGC: 0/0 objects in disregard for GC pool
[2021.08.01-17.34.58:853][  0]LogTcpMessaging: Initializing TcpMessaging bridge
[2021.08.01-17.34.58:869][  0]LogUdpMessaging: Initializing bridge on interface 0.0.0.0:0 to multicast group 230.0.0.1:6666.
[2021.08.01-17.34.59:132][  0]SourceControl: Source control is disabled
[2021.08.01-17.34.59:132][  0]SourceControl: Source control is disabled
[2021.08.01-17.34.59:141][  0]SourceControl: Source control is disabled
[2021.08.01-17.34.59:146][  0]SourceControl: Source control is disabled
[2021.08.01-17.34.59:877][  0]LogAndroidPermission: UAndroidPermissionCallbackProxy::GetInstance
[2021.08.01-17.34.59:926][  0]LogOcInput: OculusInput pre-init called
[2021.08.01-17.35.00:025][  0]LogEngine: Initializing Engine...
[2021.08.01-17.35.00:027][  0]LogHMD: Failed to initialize OpenVR with code 110
[2021.08.01-17.35.00:029][  0]LogStats: UGameplayTagsManager::ConstructGameplayTagTree: ImportINI prefixes -  0.000 s
[2021.08.01-17.35.00:029][  0]LogStats: UGameplayTagsManager::ConstructGameplayTagTree: Construct from data asset -  0.000 s
[2021.08.01-17.35.00:029][  0]LogStats: UGameplayTagsManager::ConstructGameplayTagTree: ImportINI -  0.000 s
[2021.08.01-17.35.00:029][  0]LogStats: UGameplayTagsManager::ConstructGameplayTagTree: GameplayTagTreeChangedEvent.Broadcast -  0.000 s
[2021.08.01-17.35.00:406][  0]LogInit: Initializing FReadOnlyCVARCache
[2021.08.01-17.35.00:438][  0]LogAIModule: Creating AISystem for world Untitled
[2021.08.01-17.35.00:456][  0]LogInit: XAudio2 using 'HH251 (NVIDIA High Definition Audio)' : 2 channels at 48 kHz using 16 bits per sample (channel mask 0x3)
[2021.08.01-17.35.00:469][  0]LogInit: FAudioDevice initialized.
[2021.08.01-17.35.00:469][  0]LogNetVersion: Set ProjectVersion to 1.0.0.0. Version Checksum will be recalculated on next use.
[2021.08.01-17.35.00:507][  0]LogDerivedDataCache: Saved boot cache 0.04s 71MB C:/Users/AP/AppData/Local/UnrealEngine/4.20/DerivedDataCache/Boot.ddc.
[2021.08.01-17.35.00:512][  0]LogInit: Texture streaming: Enabled
[2021.08.01-17.35.00:544][  0]LogEngineSessionManager: EngineSessionManager initialized
[2021.08.01-17.35.00:562][  0]LogInit: Transaction tracking system initialized
[2021.08.01-17.35.00:605][  0]BlueprintLog: New page: Editor Load
[2021.08.01-17.35.00:761][  0]LocalizationService: Localization service is disabled
[2021.08.01-17.35.01:238][  0]LogCook: Display: Max memory allowance for cook 16384mb min free memory 0mb
[2021.08.01-17.35.01:238][  0]LogCook: Display: Mobile HDR setting 1
[2021.08.01-17.35.01:238][  0]LogGameplayTags: Display: UGameplayTagsManager::DoneAddingNativeTags. DelegateIsBound: 0
[2021.08.01-17.35.01:238][  0]LogStats: UGameplayTagsManager::ConstructGameplayTagTree: ImportINI prefixes -  0.000 s
[2021.08.01-17.35.01:238][  0]LogStats: UGameplayTagsManager::ConstructGameplayTagTree: Construct from data asset -  0.000 s
[2021.08.01-17.35.01:239][  0]LogStats: UGameplayTagsManager::ConstructGameplayTagTree: ImportINI -  0.000 s
[2021.08.01-17.35.01:239][  0]LogStats: UGameplayTagsManager::ConstructGameplayTagTree: GameplayTagTreeChangedEvent.Broadcast -  0.000 s
[2021.08.01-17.35.01:456][  0]LogFileCache: Scanning file cache for directory 'C:/Users/AP/Desktop/Files/MiddleWare/EntregaFInalMiddleware/Middleware_Alfredo_UE_4_20_3/Content/' took 0.01s
[2021.08.01-17.35.01:474][  0]SourceControl: Source control is disabled
[2021.08.01-17.35.01:480][  0]LightingResults: New page: Lighting Build
[2021.08.01-17.35.01:487][  0]MapCheck: New page: Map Check
[2021.08.01-17.35.01:487][  0]LightingResults: New page: Lighting Build
[2021.08.01-17.35.02:027][  0]LogAIModule: Creating AISystem for world Z_GameEnviroment
[2021.08.01-17.35.02:031][  0]LogStreaming: Display: ULevelStreaming::RequestLevel(/Game/Middleware/Levels/Center_LIGHTS) is flushing async loading
[2021.08.01-17.35.02:031][  0]LogStreaming: Display: Flushing async loaders.
[2021.08.01-17.35.02:162][  0]LogTexture: Display: Building textures: HQ_Lightmap1_6 (AutoDXT, 64X64)
[2021.08.01-17.35.02:198][  0]LogStreaming: Display: ULevelStreaming::RequestLevel(/Game/Middleware/Levels/Center_ENV) is flushing async loading
[2021.08.01-17.35.02:475][  0]LogTexture: Display: Building textures: HQ_Lightmap1_3 (AutoDXT, 128X128)
[2021.08.01-17.35.02:475][  0]LogTexture: Display: Building textures: ShadowMapTexture2D_3 (G8, 64X64)
[2021.08.01-17.35.02:475][  0]LogTexture: Display: Building textures: SkyOcclusion1_2 (AutoDXT, 1024X512)
[2021.08.01-17.35.02:475][  0]LogTexture: Display: Building textures: ShadowMapTexture2D_2 (G8, 1024X128)
[2021.08.01-17.35.02:475][  0]LogTexture: Display: Building textures: HQ_Lightmap1_2 (AutoDXT, 1024X1024)
[2021.08.01-17.35.02:491][  0]LogTexture: Display: Building textures: LQ_Lightmap_1_2 (DXT1, 1024X1024)
[2021.08.01-17.35.02:492][  0]LogStaticMesh: Building static mesh SM_Puerta...
[2021.08.01-17.35.02:524][  0]LogStaticMesh: Built static mesh [0.03s] /Game/Middleware/Mesh/SM_Puerta.SM_Puerta
[2021.08.01-17.35.02:588][  0]LogStaticMesh: Building static mesh SM_Decorado_025x46x3...
[2021.08.01-17.35.02:676][  0]LogTexture: Display: Building textures: T_Env_Plains_Mountain01_N (BC5, 2048X2048)
[2021.08.01-17.35.02:676][  0]LogStaticMesh: Built static mesh [0.09s] /Game/Middleware/Mesh/SM_Decorado_025x46x3.SM_Decorado_025x46x3
[2021.08.01-17.35.02:692][  0]LogStaticMesh: Building static mesh SM_Env_Plains_Mountain_01...
[2021.08.01-17.35.02:712][  0]LogStaticMesh: Built static mesh [0.02s] /Game/InfinityBladeGrassLands/Environments/Plains/Env_Plains_Background/StaticMesh/SM_Env_Plains_Mountain_01.SM_Env_Plains_Mountain_01
[2021.08.01-17.35.03:560][  0]LogTexture: Display: Building textures: T_Env_Plains_Mountain01_D (AutoDXT, 2048X2048)
[2021.08.01-17.35.03:589][  0]LogStreaming: Display: ULevelStreaming::RequestLevel(/Game/Middleware/Levels/Center_GMP) is flushing async loading
[2021.08.01-17.35.03:789][  0]LogStaticMesh: Building static mesh SM_RavenSkeleton...
[2021.08.01-17.35.03:830][  0]LogStaticMesh: Built static mesh [0.04s] /Game/Middleware/Mesh/SM_RavenSkeleton.SM_RavenSkeleton
[2021.08.01-17.35.03:885][  0]LogMaterial: Display: Missing cached shader map for material _CuervoMaterial, compiling. 
[2021.08.01-17.35.03:932][  0]LogShaderCompilers: Display: Shaders left to compile 41
[2021.08.01-17.35.03:932][  0]LogShaderCompilers: Display: Shaders left to compile 31
[2021.08.01-17.35.03:932][  0]LogShaderCompilers: Display: Shaders left to compile 21
[2021.08.01-17.35.03:932][  0]LogShaderCompilers: Display: Shaders left to compile 11
[2021.08.01-17.35.03:932][  0]LogShaderCompilers: Display: Shaders left to compile 1
[2021.08.01-17.35.03:945][  0]LogStreaming: Display: ULevelStreaming::RequestLevel(/Game/Middleware/Levels/Down_ENV) is flushing async loading
[2021.08.01-17.35.03:957][  0]LogStreaming: Display: ULevelStreaming::RequestLevel(/Game/Middleware/Levels/Down_GMP) is flushing async loading
[2021.08.01-17.35.03:974][  0]LogStreaming: Display: ULevelStreaming::RequestLevel(/Game/Middleware/Levels/Down_LIGHTS) is flushing async loading
[2021.08.01-17.35.03:985][  0]LogStreaming: Display: ULevelStreaming::RequestLevel(/Game/Middleware/Levels/Left_ENV) is flushing async loading
[2021.08.01-17.35.04:016][  0]LogStaticMesh: Building static mesh plataforma...
[2021.08.01-17.35.04:033][  0]LogTexture: Display: Building textures: SkyOcclusion1_1 (AutoDXT, 512X256)
[2021.08.01-17.35.04:033][  0]LogTexture: Display: Building textures: HQ_Lightmap1_1 (AutoDXT, 512X512)
[2021.08.01-17.35.04:033][  0]LogTexture: Display: Building textures: ShadowMapTexture2D_1 (G8, 1024X64)
[2021.08.01-17.35.04:033][  0]LogTexture: Display: Building textures: LQ_Lightmap_1_1 (DXT1, 512X512)
[2021.08.01-17.35.04:033][  0]LogStaticMesh: Built static mesh [0.02s] /Game/Middleware/Mesh/plataforma.plataforma
[2021.08.01-17.35.04:040][  0]LogStaticMesh: Building static mesh SuperGrid_Slope...
[2021.08.01-17.35.04:051][  0]LogStaticMesh: Built static mesh [0.01s] /Game/ModularTileSet/Source/Meshes/SuperGrid_Slope.SuperGrid_Slope
[2021.08.01-17.35.04:065][  0]LogStreaming: Display: ULevelStreaming::RequestLevel(/Game/Middleware/Levels/Left_GMP) is flushing async loading
[2021.08.01-17.35.04:078][  0]LogStreaming: Display: ULevelStreaming::RequestLevel(/Game/Middleware/Levels/Left_LIGHTS) is flushing async loading
[2021.08.01-17.35.04:087][  0]LogStreaming: Display: ULevelStreaming::RequestLevel(/Game/Middleware/Levels/Right_ENV) is flushing async loading
[2021.08.01-17.35.04:130][  0]LogTexture: Display: Building textures: ShadowMapTexture2D_1 (G8, 256X64)
[2021.08.01-17.35.04:130][  0]LogTexture: Display: Building textures: LQ_Lightmap_1_4 (DXT1, 256X256)
[2021.08.01-17.35.04:130][  0]LogTexture: Display: Building textures: SkyOcclusion1_4 (AutoDXT, 256X128)
[2021.08.01-17.35.04:130][  0]LogTexture: Display: Building textures: HQ_Lightmap1_4 (AutoDXT, 256X256)
[2021.08.01-17.35.04:134][  0]LogStreaming: Display: ULevelStreaming::RequestLevel(/Game/Middleware/Levels/Right_GMP) is flushing async loading
[2021.08.01-17.35.04:159][  0]LogStreaming: Display: ULevelStreaming::RequestLevel(/Game/Middleware/Levels/Right_LIGHTS) is flushing async loading
[2021.08.01-17.35.04:170][  0]LogStreaming: Display: ULevelStreaming::RequestLevel(/Game/Middleware/Levels/Up_ENV) is flushing async loading
[2021.08.01-17.35.04:198][  0]LogTexture: Display: Building textures: LQ_Lightmap_1_5 (DXT1, 256X256)
[2021.08.01-17.35.04:199][  0]LogTexture: Display: Building textures: ShadowMapTexture2D_1 (G8, 512X64)
[2021.08.01-17.35.04:201][  0]LogStreaming: Display: ULevelStreaming::RequestLevel(/Game/Middleware/Levels/Up_GMP) is flushing async loading
[2021.08.01-17.35.04:215][  0]LogStreaming: Display: ULevelStreaming::RequestLevel(/Game/Middleware/Levels/Up_LIGHTS) is flushing async loading
[2021.08.01-17.35.04:229][  0]LogEditorServer: Finished looking for orphan Actors (0.000 secs)
[2021.08.01-17.35.04:258][  0]Cmd: MAP CHECKDEP NOCLEARLOG
[2021.08.01-17.35.04:342][  0]MapCheck: Map check complete: 0 Error(s), 0 Warning(s), took 83.813ms to complete.
[2021.08.01-17.35.04:342][  0]LogFileHelpers: Loading map 'Z_GameEnviroment' took 2.869
[2021.08.01-17.35.04:502][  0]LogSlate: Updating window title bar state: overlay mode, drag disabled, window buttons hidden, title bar hidden
[2021.08.01-17.35.04:509][  0]LogSlate: Updating window title bar state: overlay mode, drag disabled, window buttons hidden, title bar hidden
[2021.08.01-17.35.04:514][  0]LogSlate: Updating window title bar state: overlay mode, drag disabled, window buttons hidden, title bar hidden
[2021.08.01-17.35.04:519][  0]LogSlate: Updating window title bar state: overlay mode, drag disabled, window buttons hidden, title bar hidden
[2021.08.01-17.35.04:532][  0]LogCollectionManager: Loaded 0 collections in 0.001230 seconds
[2021.08.01-17.35.04:586][  0]LogFileCache: Scanning file cache for directory 'C:/Users/AP/Desktop/Files/MiddleWare/EntregaFInalMiddleware/Middleware_Alfredo_UE_4_20_3/Saved/Collections/' took 0.01s
[2021.08.01-17.35.04:586][  0]LogFileCache: Scanning file cache for directory 'C:/Users/AP/Desktop/Files/MiddleWare/EntregaFInalMiddleware/Middleware_Alfredo_UE_4_20_3/Content/Developers/AP/Collections/' took 0.01s
[2021.08.01-17.35.04:586][  0]LogFileCache: Scanning file cache for directory 'C:/Users/AP/Desktop/Files/MiddleWare/EntregaFInalMiddleware/Middleware_Alfredo_UE_4_20_3/Content/Collections/' took 0.01s
[2021.08.01-17.35.04:586][  0]LogCollectionManager: Rebuilt the GUID cache for 0 collections in 0.000000 seconds
[2021.08.01-17.35.04:595][  0]LogContentBrowser: Native class hierarchy populated in 0.0079 seconds. Added 2572 classes and 603 folders.
[2021.08.01-17.35.04:605][  0]LogContentBrowser: Native class hierarchy updated for 'WidgetCarousel' in 0.0002 seconds. Added 0 classes and 0 folders.
[2021.08.01-17.35.04:915][  0]LogContentBrowser: Native class hierarchy updated for 'AddContentDialog' in 0.0002 seconds. Added 0 classes and 0 folders.
[2021.08.01-17.35.04:929][  0]LogContentBrowser: Native class hierarchy updated for 'WorldBrowser' in 0.0002 seconds. Added 2 classes and 3 folders.
[2021.08.01-17.35.04:952][  0]LogContentBrowser: Native class hierarchy updated for 'SceneOutliner' in 0.0002 seconds. Added 1 classes and 2 folders.
[2021.08.01-17.35.05:012][  0]LogSlate: Took 0.007045 seconds to synchronously load lazily loaded font '../../../Engine/Content/Slate/Fonts/Roboto-Regular.ttf' (155K)
[2021.08.01-17.35.05:019][  0]LogSlate: Took 0.005615 seconds to synchronously load lazily loaded font '../../../Engine/Content/Slate/Fonts/Roboto-Bold.ttf' (160K)
[2021.08.01-17.35.05:033][  0]LogSlate: Took 0.006882 seconds to synchronously load lazily loaded font '../../../Engine/Content/Editor/Slate/Fonts/FontAwesome.ttf' (139K)
[2021.08.01-17.35.05:188][  0]LogRenderer: Reallocating scene render targets to support 1092x676 Format 10 NumSamples 1 (Frame:1).
[2021.08.01-17.35.05:364][  0]LogContentBrowser: Native class hierarchy updated for 'HierarchicalLODOutliner' in 0.0002 seconds. Added 0 classes and 0 folders.
[2021.08.01-17.35.05:364][  0]LogLoad: (Engine Initialization) Total time: 19.75 seconds
[2021.08.01-17.35.05:364][  0]LogLoad: (Engine Initialization) Total Blueprint compile time: 0.00 seconds
[2021.08.01-17.35.05:395][  0]LogContentStreaming: Texture pool size now 1000 MB
[2021.08.01-17.35.05:457][  0]LogSlate: Took 0.006677 seconds to synchronously load lazily loaded font '../../../Engine/Content/Slate/Fonts/Roboto-Light.ttf' (167K)
[2021.08.01-17.35.05:548][  1]LogAssetRegistry: Asset discovery search completed in 10.5284 seconds
[2021.08.01-17.35.05:550][  1]LogCollectionManager: Rebuilt the object cache for 0 collections in 0.000000 seconds (found 0 objects)
[2021.08.01-17.35.05:551][  1]LogCollectionManager: Fixed up redirectors for 0 collections in 0.000094 seconds (updated 0 objects)
[2021.08.01-17.35.08:323][120]LogSlate: FSceneViewport::OnFocusLost() reason 0
[2021.08.01-17.35.08:446][133]LogTemp: Repeating last play command: Selected Viewport
[2021.08.01-17.35.08:458][133]LogBlueprintUserMessages: Early PlayInEditor Detection: Level '/Game/Middleware/Levels/Z_GameEnviroment.Z_GameEnviroment:PersistentLevel' has LevelScriptBlueprint '/Game/Middleware/Levels/Z_GameEnviroment.Z_GameEnviroment:PersistentLevel.Z_GameEnviroment' with GeneratedClass '/Game/Middleware/Levels/Z_GameEnviroment.Z_GameEnviroment_C' with ClassGeneratedBy '/Game/Middleware/Levels/Z_GameEnviroment.Z_GameEnviroment:PersistentLevel.Z_GameEnviroment'
[2021.08.01-17.35.08:458][133]LogBlueprintUserMessages: Early PlayInEditor Detection: Level '/Game/Middleware/Levels/Center_GMP.Center_GMP:PersistentLevel' has LevelScriptBlueprint '/Game/Middleware/Levels/Center_GMP.Center_GMP:PersistentLevel.Center_GMP' with GeneratedClass '/Game/Middleware/Levels/Center_GMP.Center_GMP_C' with ClassGeneratedBy '/Game/Middleware/Levels/Center_GMP.Center_GMP:PersistentLevel.Center_GMP'
[2021.08.01-17.35.08:458][133]LogPlayLevel: PlayLevel: No blueprints needed recompiling
[2021.08.01-17.35.08:472][133]PIE: New page: PIE session: Z_GameEnviroment (Aug 1, 2021, 9:35:08 PM)
[2021.08.01-17.35.08:472][133]LogPlayLevel: Creating play world package: /Game/Middleware/Levels/UEDPIE_0_Z_GameEnviroment
[2021.08.01-17.35.08:477][133]LogPlayLevel: PIE: StaticDuplicateObject took: (0.004782s)
[2021.08.01-17.35.08:478][133]LogAIModule: Creating AISystem for world Z_GameEnviroment
[2021.08.01-17.35.08:478][133]LogPlayLevel: PIE: World Init took: (0.000606s)
[2021.08.01-17.35.08:478][133]LogPlayLevel: PIE: Created PIE world by copying editor world from /Game/Middleware/Levels/Z_GameEnviroment.Z_GameEnviroment to /Game/Middleware/Levels/UEDPIE_0_Z_GameEnviroment.Z_GameEnviroment (0.005484s)
[2021.08.01-17.35.08:506][133]LogInit: XAudio2 using 'HH251 (NVIDIA High Definition Audio)' : 2 channels at 48 kHz using 16 bits per sample (channel mask 0x3)
[2021.08.01-17.35.08:513][133]LogInit: FAudioDevice initialized.
[2021.08.01-17.35.08:563][133]LogLoad: Game class is 'GM_Middleware_C'
[2021.08.01-17.35.08:576][133]LogWorld: Bringing World /Game/Middleware/Levels/UEDPIE_0_Z_GameEnviroment.Z_GameEnviroment up for play (max tick rate 0) at 2021.08.01-19.35.08
[2021.08.01-17.35.08:587][133]LogWorld: Bringing up level for play took: 0.011229
[2021.08.01-17.35.08:604][133]LogContentBrowser: Native class hierarchy updated for 'MovieSceneCapture' in 0.0002 seconds. Added 10 classes and 0 folders.
[2021.08.01-17.35.08:615][133]PIE: Play in editor start time for /Game/Middleware/Levels/UEDPIE_0_Z_GameEnviroment 0.106
[2021.08.01-17.35.08:615][133]LogBlueprintUserMessages: Late PlayInEditor Detection: Level '/Game/Middleware/Levels/Z_GameEnviroment.Z_GameEnviroment:PersistentLevel' has LevelScriptBlueprint '/Game/Middleware/Levels/Z_GameEnviroment.Z_GameEnviroment:PersistentLevel.Z_GameEnviroment' with GeneratedClass '/Game/Middleware/Levels/Z_GameEnviroment.Z_GameEnviroment_C' with ClassGeneratedBy '/Game/Middleware/Levels/Z_GameEnviroment.Z_GameEnviroment:PersistentLevel.Z_GameEnviroment'
[2021.08.01-17.35.08:616][133]LogBlueprintUserMessages: Late PlayInEditor Detection: Level '/Game/Middleware/Levels/Center_GMP.Center_GMP:PersistentLevel' has LevelScriptBlueprint '/Game/Middleware/Levels/Center_GMP.Center_GMP:PersistentLevel.Center_GMP' with GeneratedClass '/Game/Middleware/Levels/Center_GMP.Center_GMP_C' with ClassGeneratedBy '/Game/Middleware/Levels/Center_GMP.Center_GMP:PersistentLevel.Center_GMP'
[2021.08.01-17.35.26:648][283]LogLevel: ActivateLevel /Game/Middleware/Levels/UEDPIE_0_Down_ENV 1 1 0
[2021.08.01-17.35.26:648][283]LogLevel: ActivateLevel /Game/Middleware/Levels/UEDPIE_0_Down_GMP 1 1 0
[2021.08.01-17.35.26:648][283]LogLevel: ActivateLevel /Game/Middleware/Levels/UEDPIE_0_Down_LIGHTS 1 1 0
[2021.08.01-17.35.26:649][283]LogBlueprintUserMessages: [Z_GameEnviroment_C_1] Level Load: Down_ENV
[2021.08.01-17.35.26:649][283]LogBlueprintUserMessages: [Z_GameEnviroment_C_1] Level Load: Down_GMP
[2021.08.01-17.35.26:649][283]LogBlueprintUserMessages: [Z_GameEnviroment_C_1] Level Load: Down_LIGHTS
[2021.08.01-17.35.27:107][338]LogLevel: ActivateLevel /Game/Middleware/Levels/UEDPIE_0_Down_ENV 0 0 0
[2021.08.01-17.35.27:107][338]LogLevel: ActivateLevel /Game/Middleware/Levels/UEDPIE_0_Down_GMP 0 0 0
[2021.08.01-17.35.27:107][338]LogLevel: ActivateLevel /Game/Middleware/Levels/UEDPIE_0_Down_LIGHTS 0 0 0
[2021.08.01-17.35.27:138][339]LogBlueprintUserMessages: [Z_GameEnviroment_C_1] Level Unload: Down_ENV
[2021.08.01-17.35.27:138][339]LogBlueprintUserMessages: [Z_GameEnviroment_C_1] Level Unload:  Down_GMP
[2021.08.01-17.35.27:138][339]LogBlueprintUserMessages: [Z_GameEnviroment_C_1] Level Unload: Down_LIGHTS
[2021.08.01-17.35.31:609][876]LogLevel: ActivateLevel /Game/Middleware/Levels/UEDPIE_0_Left_ENV 1 1 0
[2021.08.01-17.35.31:609][876]LogLevel: ActivateLevel /Game/Middleware/Levels/UEDPIE_0_Left_GMP 1 1 0
[2021.08.01-17.35.31:609][876]LogLevel: ActivateLevel /Game/Middleware/Levels/UEDPIE_0_Left_LIGHTS 1 1 0
[2021.08.01-17.35.31:624][877]LogBlueprintUserMessages: [Z_GameEnviroment_C_1] Level Load: Left_ENV
[2021.08.01-17.35.31:624][877]LogBlueprintUserMessages: [Z_GameEnviroment_C_1] Level Load: Left_GMP
[2021.08.01-17.35.31:624][877]LogBlueprintUserMessages: [Z_GameEnviroment_C_1] Level Load: Left_LIGHTS
[2021.08.01-17.35.41:374][ 47]LogLevel: ActivateLevel /Game/Middleware/Levels/UEDPIE_0_Left_ENV 1 1 0
[2021.08.01-17.35.41:374][ 47]LogLevel: ActivateLevel /Game/Middleware/Levels/UEDPIE_0_Left_GMP 1 1 0
[2021.08.01-17.35.41:374][ 47]LogLevel: ActivateLevel /Game/Middleware/Levels/UEDPIE_0_Left_LIGHTS 1 1 0
[2021.08.01-17.35.41:374][ 47]LogBlueprintUserMessages: [Z_GameEnviroment_C_1] Level Load: Left_ENV
[2021.08.01-17.35.41:374][ 47]LogBlueprintUserMessages: [Z_GameEnviroment_C_1] Level Load: Left_GMP
[2021.08.01-17.35.41:374][ 47]LogBlueprintUserMessages: [Z_GameEnviroment_C_1] Level Load: Left_LIGHTS
[2021.08.01-17.36.06:899][ 61]LogLevel: ActivateLevel /Game/Middleware/Levels/UEDPIE_0_Left_ENV 1 1 0
[2021.08.01-17.36.06:899][ 61]LogLevel: ActivateLevel /Game/Middleware/Levels/UEDPIE_0_Left_GMP 1 1 0
[2021.08.01-17.36.06:899][ 61]LogLevel: ActivateLevel /Game/Middleware/Levels/UEDPIE_0_Left_LIGHTS 1 1 0
[2021.08.01-17.36.06:899][ 61]LogBlueprintUserMessages: [Z_GameEnviroment_C_1] Level Load: Left_ENV
[2021.08.01-17.36.06:899][ 61]LogBlueprintUserMessages: [Z_GameEnviroment_C_1] Level Load: Left_GMP
[2021.08.01-17.36.06:899][ 61]LogBlueprintUserMessages: [Z_GameEnviroment_C_1] Level Load: Left_LIGHTS
[2021.08.01-17.36.07:324][112]LogLevel: ActivateLevel /Game/Middleware/Levels/UEDPIE_0_Left_ENV 0 0 0
[2021.08.01-17.36.07:324][112]LogLevel: ActivateLevel /Game/Middleware/Levels/UEDPIE_0_Left_GMP 0 0 0
[2021.08.01-17.36.07:324][112]LogLevel: ActivateLevel /Game/Middleware/Levels/UEDPIE_0_Left_LIGHTS 0 0 0
[2021.08.01-17.36.07:353][113]LogBlueprintUserMessages: [Z_GameEnviroment_C_1] Level Unload: Left_ENV
[2021.08.01-17.36.07:353][113]LogBlueprintUserMessages: [Z_GameEnviroment_C_1] Level Unload:  Left_GMP
[2021.08.01-17.36.07:353][113]LogBlueprintUserMessages: [Z_GameEnviroment_C_1] Level Unload: Left_LIGHTS
[2021.08.01-17.36.08:941][304]LogLevel: ActivateLevel /Game/Middleware/Levels/UEDPIE_0_Up_ENV 1 1 0
[2021.08.01-17.36.08:941][304]LogLevel: ActivateLevel /Game/Middleware/Levels/UEDPIE_0_Up_GMP 1 1 0
[2021.08.01-17.36.08:941][304]LogLevel: ActivateLevel /Game/Middleware/Levels/UEDPIE_0_Up_LIGHTS 1 1 0
[2021.08.01-17.36.08:954][305]LogBlueprintUserMessages: [Z_GameEnviroment_C_1] Level Load: Up_ENV
[2021.08.01-17.36.08:954][305]LogBlueprintUserMessages: [Z_GameEnviroment_C_1] Level Load: Up_GMP
[2021.08.01-17.36.08:954][305]LogBlueprintUserMessages: [Z_GameEnviroment_C_1] Level Load: Up_LIGHTS
[2021.08.01-17.37.07:116][284]LogLevel: ActivateLevel /Game/Middleware/Levels/UEDPIE_0_Up_ENV 1 1 0
[2021.08.01-17.37.07:116][284]LogLevel: ActivateLevel /Game/Middleware/Levels/UEDPIE_0_Up_GMP 1 1 0
[2021.08.01-17.37.07:116][284]LogLevel: ActivateLevel /Game/Middleware/Levels/UEDPIE_0_Up_LIGHTS 1 1 0
[2021.08.01-17.37.07:116][284]LogBlueprintUserMessages: [Z_GameEnviroment_C_1] Level Load: Up_ENV
[2021.08.01-17.37.07:116][284]LogBlueprintUserMessages: [Z_GameEnviroment_C_1] Level Load: Up_GMP
[2021.08.01-17.37.07:116][284]LogBlueprintUserMessages: [Z_GameEnviroment_C_1] Level Load: Up_LIGHTS
[2021.08.01-17.37.07:524][333]LogLevel: ActivateLevel /Game/Middleware/Levels/UEDPIE_0_Up_ENV 0 0 0
[2021.08.01-17.37.07:524][333]LogLevel: ActivateLevel /Game/Middleware/Levels/UEDPIE_0_Up_GMP 0 0 0
[2021.08.01-17.37.07:524][333]LogLevel: ActivateLevel /Game/Middleware/Levels/UEDPIE_0_Up_LIGHTS 0 0 0
[2021.08.01-17.37.07:553][334]LogBlueprintUserMessages: [Z_GameEnviroment_C_1] Level Unload: Up_ENV
[2021.08.01-17.37.07:553][334]LogBlueprintUserMessages: [Z_GameEnviroment_C_1] Level Unload:  Up_GMP
[2021.08.01-17.37.07:553][334]LogBlueprintUserMessages: [Z_GameEnviroment_C_1] Level Unload: Up_LIGHTS
[2021.08.01-17.37.09:133][524]LogLevel: ActivateLevel /Game/Middleware/Levels/UEDPIE_0_Right_ENV 1 1 0
[2021.08.01-17.37.09:133][524]LogLevel: ActivateLevel /Game/Middleware/Levels/UEDPIE_0_Right_GMP 1 1 0
[2021.08.01-17.37.09:133][524]LogLevel: ActivateLevel /Game/Middleware/Levels/UEDPIE_0_Right_LIGHTS 1 1 0
[2021.08.01-17.37.09:149][525]LogBlueprintUserMessages: [Z_GameEnviroment_C_1] Level Load: Right_ENV
[2021.08.01-17.37.09:149][525]LogBlueprintUserMessages: [Z_GameEnviroment_C_1] Level Load: Right_GMP
[2021.08.01-17.37.09:149][525]LogBlueprintUserMessages: [Z_GameEnviroment_C_1] Level Load: Right_LIGHTS
[2021.08.01-17.39.08:022][787]LogLevel: ActivateLevel /Game/Middleware/Levels/UEDPIE_0_Right_ENV 1 1 0
[2021.08.01-17.39.08:022][787]LogLevel: ActivateLevel /Game/Middleware/Levels/UEDPIE_0_Right_GMP 1 1 0
[2021.08.01-17.39.08:022][787]LogLevel: ActivateLevel /Game/Middleware/Levels/UEDPIE_0_Right_LIGHTS 1 1 0
[2021.08.01-17.39.08:022][787]LogBlueprintUserMessages: [Z_GameEnviroment_C_1] Level Load: Right_ENV
[2021.08.01-17.39.08:022][787]LogBlueprintUserMessages: [Z_GameEnviroment_C_1] Level Load: Right_GMP
[2021.08.01-17.39.08:022][787]LogBlueprintUserMessages: [Z_GameEnviroment_C_1] Level Load: Right_LIGHTS
[2021.08.01-17.39.08:939][897]LogLevel: ActivateLevel /Game/Middleware/Levels/UEDPIE_0_Right_ENV 0 0 0
[2021.08.01-17.39.08:939][897]LogLevel: ActivateLevel /Game/Middleware/Levels/UEDPIE_0_Right_GMP 0 0 0
[2021.08.01-17.39.08:939][897]LogLevel: ActivateLevel /Game/Middleware/Levels/UEDPIE_0_Right_LIGHTS 0 0 0
[2021.08.01-17.39.08:968][898]LogBlueprintUserMessages: [Z_GameEnviroment_C_1] Level Unload: Right_ENV
[2021.08.01-17.39.08:968][898]LogBlueprintUserMessages: [Z_GameEnviroment_C_1] Level Unload:  Right_GMP
[2021.08.01-17.39.08:968][898]LogBlueprintUserMessages: [Z_GameEnviroment_C_1] Level Unload: Right_LIGHTS
[2021.08.01-17.39.10:614][ 96]LogLevel: ActivateLevel /Game/Middleware/Levels/UEDPIE_0_Down_ENV 1 1 0
[2021.08.01-17.39.10:614][ 96]LogLevel: ActivateLevel /Game/Middleware/Levels/UEDPIE_0_Down_GMP 1 1 0
[2021.08.01-17.39.10:614][ 96]LogLevel: ActivateLevel /Game/Middleware/Levels/UEDPIE_0_Down_LIGHTS 1 1 0
[2021.08.01-17.39.10:627][ 97]LogBlueprintUserMessages: [Z_GameEnviroment_C_1] Level Load: Down_ENV
[2021.08.01-17.39.10:627][ 97]LogBlueprintUserMessages: [Z_GameEnviroment_C_1] Level Load: Down_GMP
[2021.08.01-17.39.10:627][ 97]LogBlueprintUserMessages: [Z_GameEnviroment_C_1] Level Load: Down_LIGHTS
[2021.08.01-17.39.12:109][275]LogLevel: ActivateLevel /Game/Middleware/Levels/UEDPIE_0_Down_ENV 0 0 0
[2021.08.01-17.39.12:109][275]LogLevel: ActivateLevel /Game/Middleware/Levels/UEDPIE_0_Down_GMP 0 0 0
[2021.08.01-17.39.12:109][275]LogLevel: ActivateLevel /Game/Middleware/Levels/UEDPIE_0_Down_LIGHTS 0 0 0
[2021.08.01-17.39.12:138][276]LogBlueprintUserMessages: [Z_GameEnviroment_C_1] Level Unload: Down_ENV
[2021.08.01-17.39.12:138][276]LogBlueprintUserMessages: [Z_GameEnviroment_C_1] Level Unload:  Down_GMP
[2021.08.01-17.39.12:138][276]LogBlueprintUserMessages: [Z_GameEnviroment_C_1] Level Unload: Down_LIGHTS
[2021.08.01-17.39.13:933][492]LogLevel: ActivateLevel /Game/Middleware/Levels/UEDPIE_0_Right_ENV 1 1 0
[2021.08.01-17.39.13:933][492]LogLevel: ActivateLevel /Game/Middleware/Levels/UEDPIE_0_Right_GMP 1 1 0
[2021.08.01-17.39.13:933][492]LogLevel: ActivateLevel /Game/Middleware/Levels/UEDPIE_0_Right_LIGHTS 1 1 0
[2021.08.01-17.39.13:947][493]LogBlueprintUserMessages: [Z_GameEnviroment_C_1] Level Load: Right_ENV
[2021.08.01-17.39.13:947][493]LogBlueprintUserMessages: [Z_GameEnviroment_C_1] Level Load: Right_GMP
[2021.08.01-17.39.13:947][493]LogBlueprintUserMessages: [Z_GameEnviroment_C_1] Level Load: Right_LIGHTS
[2021.08.01-17.40.02:517][321]LogCharacterMovement: BP_CharacterMiddleware_C_0 is stuck and failed to move! Velocity: X=-16.69 Y=-3.59 Z=0.00 Location: X=1352.95 Y=-103.23 Z=106.04 Normal: X=0.73 Y=-0.12 Z=-0.67 PenetrationDepth:0.087 Actor:Cube_2 Component:StaticMeshComponent0 BoneName:None (0 other events since notify)
[2021.08.01-17.40.48:160][796]LogLevel: ActivateLevel /Game/Middleware/Levels/UEDPIE_0_Right_ENV 1 1 0
[2021.08.01-17.40.48:160][796]LogLevel: ActivateLevel /Game/Middleware/Levels/UEDPIE_0_Right_GMP 1 1 0
[2021.08.01-17.40.48:160][796]LogLevel: ActivateLevel /Game/Middleware/Levels/UEDPIE_0_Right_LIGHTS 1 1 0
[2021.08.01-17.40.48:160][796]LogBlueprintUserMessages: [Z_GameEnviroment_C_1] Level Load: Right_ENV
[2021.08.01-17.40.48:160][796]LogBlueprintUserMessages: [Z_GameEnviroment_C_1] Level Load: Right_GMP
[2021.08.01-17.40.48:160][796]LogBlueprintUserMessages: [Z_GameEnviroment_C_1] Level Load: Right_LIGHTS
[2021.08.01-17.40.48:643][854]LogLevel: ActivateLevel /Game/Middleware/Levels/UEDPIE_0_Right_ENV 0 0 0
[2021.08.01-17.40.48:643][854]LogLevel: ActivateLevel /Game/Middleware/Levels/UEDPIE_0_Right_GMP 0 0 0
[2021.08.01-17.40.48:643][854]LogLevel: ActivateLevel /Game/Middleware/Levels/UEDPIE_0_Right_LIGHTS 0 0 0
[2021.08.01-17.40.48:670][855]LogBlueprintUserMessages: [Z_GameEnviroment_C_1] Level Unload: Right_ENV
[2021.08.01-17.40.48:670][855]LogBlueprintUserMessages: [Z_GameEnviroment_C_1] Level Unload:  Right_GMP
[2021.08.01-17.40.48:670][855]LogBlueprintUserMessages: [Z_GameEnviroment_C_1] Level Unload: Right_LIGHTS
[2021.08.01-17.40.50:184][ 37]LogLevel: ActivateLevel /Game/Middleware/Levels/UEDPIE_0_Down_ENV 1 1 0
[2021.08.01-17.40.50:184][ 37]LogLevel: ActivateLevel /Game/Middleware/Levels/UEDPIE_0_Down_GMP 1 1 0
[2021.08.01-17.40.50:184][ 37]LogLevel: ActivateLevel /Game/Middleware/Levels/UEDPIE_0_Down_LIGHTS 1 1 0
[2021.08.01-17.40.50:195][ 38]LogBlueprintUserMessages: [Z_GameEnviroment_C_1] Level Load: Down_ENV
[2021.08.01-17.40.50:195][ 38]LogBlueprintUserMessages: [Z_GameEnviroment_C_1] Level Load: Down_GMP
[2021.08.01-17.40.50:195][ 38]LogBlueprintUserMessages: [Z_GameEnviroment_C_1] Level Load: Down_LIGHTS
[2021.08.01-17.40.51:287][169]LogLevel: ActivateLevel /Game/Middleware/Levels/UEDPIE_0_Down_ENV 0 0 0
[2021.08.01-17.40.51:287][169]LogLevel: ActivateLevel /Game/Middleware/Levels/UEDPIE_0_Down_GMP 0 0 0
[2021.08.01-17.40.51:287][169]LogLevel: ActivateLevel /Game/Middleware/Levels/UEDPIE_0_Down_LIGHTS 0 0 0
[2021.08.01-17.40.51:315][170]LogBlueprintUserMessages: [Z_GameEnviroment_C_1] Level Unload: Down_ENV
[2021.08.01-17.40.51:315][170]LogBlueprintUserMessages: [Z_GameEnviroment_C_1] Level Unload:  Down_GMP
[2021.08.01-17.40.51:315][170]LogBlueprintUserMessages: [Z_GameEnviroment_C_1] Level Unload: Down_LIGHTS
[2021.08.01-17.40.52:885][359]LogLevel: ActivateLevel /Game/Middleware/Levels/UEDPIE_0_Right_ENV 1 1 0
[2021.08.01-17.40.52:885][359]LogLevel: ActivateLevel /Game/Middleware/Levels/UEDPIE_0_Right_GMP 1 1 0
[2021.08.01-17.40.52:885][359]LogLevel: ActivateLevel /Game/Middleware/Levels/UEDPIE_0_Right_LIGHTS 1 1 0
[2021.08.01-17.40.52:899][360]LogBlueprintUserMessages: [Z_GameEnviroment_C_1] Level Load: Right_ENV
[2021.08.01-17.40.52:899][360]LogBlueprintUserMessages: [Z_GameEnviroment_C_1] Level Load: Right_GMP
[2021.08.01-17.40.52:899][360]LogBlueprintUserMessages: [Z_GameEnviroment_C_1] Level Load: Right_LIGHTS
[2021.08.01-17.41.15:284][ 46]LogCharacterMovement: BP_CharacterMiddleware_C_0 is stuck and failed to move! Velocity: X=236.94 Y=38.13 Z=0.00 Location: X=2347.17 Y=-932.01 Z=106.01 Normal: X=0.14 Y=-0.24 Z=-0.96 PenetrationDepth:0.116 Actor:Cube2 Component:StaticMeshComponent0 BoneName:None (48 other events since notify)
[2021.08.01-17.41.59:633][366]LogCharacterMovement: BP_CharacterMiddleware_C_0 is stuck and failed to move! Velocity: X=-3.74 Y=16.65 Z=0.00 Location: X=2297.69 Y=-933.35 Z=327.73 Normal: X=-0.54 Y=-0.84 Z=0.00 PenetrationDepth:0.812 Actor:Cube2 Component:StaticMeshComponent0 BoneName:None (3 other events since notify)
[2021.08.01-17.43.11:159][947]LogCharacterMovement: BP_CharacterMiddleware_C_0 is stuck and failed to move! Velocity: X=-0.80 Y=-34.12 Z=0.00 Location: X=2357.97 Y=-459.12 Z=108.15 Normal: X=0.87 Y=0.43 Z=-0.24 PenetrationDepth:0.105 Actor:Cube_2 Component:StaticMeshComponent0 BoneName:None (5 other events since notify)
[2021.08.01-17.43.49:712][573]LogCharacterMovement: BP_CharacterMiddleware_C_0 is stuck and failed to move! Velocity: X=0.00 Y=-12.13 Z=0.00 Location: X=2357.98 Y=-637.43 Z=108.15 Normal: X=0.47 Y=-0.88 Z=0.00 PenetrationDepth:0.106 Actor:Cube_2 Component:StaticMeshComponent0 BoneName:None (2 other events since notify)
[2021.08.01-17.46.04:410][731]LogLevel: ActivateLevel /Game/Middleware/Levels/UEDPIE_0_Right_ENV 1 1 0
[2021.08.01-17.46.04:410][731]LogLevel: ActivateLevel /Game/Middleware/Levels/UEDPIE_0_Right_GMP 1 1 0
[2021.08.01-17.46.04:410][731]LogLevel: ActivateLevel /Game/Middleware/Levels/UEDPIE_0_Right_LIGHTS 1 1 0
[2021.08.01-17.46.04:411][731]LogBlueprintUserMessages: [Z_GameEnviroment_C_1] Level Load: Right_ENV
[2021.08.01-17.46.04:411][731]LogBlueprintUserMessages: [Z_GameEnviroment_C_1] Level Load: Right_GMP
[2021.08.01-17.46.04:411][731]LogBlueprintUserMessages: [Z_GameEnviroment_C_1] Level Load: Right_LIGHTS
[2021.08.01-17.46.04:810][779]LogLevel: ActivateLevel /Game/Middleware/Levels/UEDPIE_0_Right_ENV 0 0 0
[2021.08.01-17.46.04:810][779]LogLevel: ActivateLevel /Game/Middleware/Levels/UEDPIE_0_Right_GMP 0 0 0
[2021.08.01-17.46.04:810][779]LogLevel: ActivateLevel /Game/Middleware/Levels/UEDPIE_0_Right_LIGHTS 0 0 0
[2021.08.01-17.46.04:838][780]LogBlueprintUserMessages: [Z_GameEnviroment_C_1] Level Unload: Right_ENV
[2021.08.01-17.46.04:838][780]LogBlueprintUserMessages: [Z_GameEnviroment_C_1] Level Unload:  Right_GMP
[2021.08.01-17.46.04:838][780]LogBlueprintUserMessages: [Z_GameEnviroment_C_1] Level Unload: Right_LIGHTS
[2021.08.01-17.46.07:326][ 79]LogSlate: Updating window title bar state: overlay mode, drag disabled, window buttons hidden, title bar hidden
[2021.08.01-17.46.07:326][ 79]LogBlueprintUserMessages: Early EndPlayMap Detection: Level '/Game/Middleware/Levels/Z_GameEnviroment.Z_GameEnviroment:PersistentLevel' has LevelScriptBlueprint '/Game/Middleware/Levels/Z_GameEnviroment.Z_GameEnviroment:PersistentLevel.Z_GameEnviroment' with GeneratedClass '/Game/Middleware/Levels/Z_GameEnviroment.Z_GameEnviroment_C' with ClassGeneratedBy '/Game/Middleware/Levels/Z_GameEnviroment.Z_GameEnviroment:PersistentLevel.Z_GameEnviroment'
[2021.08.01-17.46.07:326][ 79]LogBlueprintUserMessages: Early EndPlayMap Detection: Level '/Game/Middleware/Levels/Center_GMP.Center_GMP:PersistentLevel' has LevelScriptBlueprint '/Game/Middleware/Levels/Center_GMP.Center_GMP:PersistentLevel.Center_GMP' with GeneratedClass '/Game/Middleware/Levels/Center_GMP.Center_GMP_C' with ClassGeneratedBy '/Game/Middleware/Levels/Center_GMP.Center_GMP:PersistentLevel.Center_GMP'
[2021.08.01-17.46.07:362][ 79]LogPlayLevel: Display: Shutting down PIE online subsystems
[2021.08.01-17.46.07:362][ 79]LogBlueprintUserMessages: Late EndPlayMap Detection: Level '/Game/Middleware/Levels/Z_GameEnviroment.Z_GameEnviroment:PersistentLevel' has LevelScriptBlueprint '/Game/Middleware/Levels/Z_GameEnviroment.Z_GameEnviroment:PersistentLevel.Z_GameEnviroment' with GeneratedClass '/Game/Middleware/Levels/Z_GameEnviroment.Z_GameEnviroment_C' with ClassGeneratedBy '/Game/Middleware/Levels/Z_GameEnviroment.Z_GameEnviroment:PersistentLevel.Z_GameEnviroment'
[2021.08.01-17.46.07:362][ 79]LogBlueprintUserMessages: Late EndPlayMap Detection: Level '/Game/Middleware/Levels/Center_GMP.Center_GMP:PersistentLevel' has LevelScriptBlueprint '/Game/Middleware/Levels/Center_GMP.Center_GMP:PersistentLevel.Center_GMP' with GeneratedClass '/Game/Middleware/Levels/Center_GMP.Center_GMP_C' with ClassGeneratedBy '/Game/Middleware/Levels/Center_GMP.Center_GMP:PersistentLevel.Center_GMP'
[2021.08.01-17.46.07:384][ 79]LogSlate: Updating window title bar state: overlay mode, drag disabled, window buttons hidden, title bar hidden
[2021.08.01-17.46.07:429][ 83]LogPlayLevel: Display: Destroying online subsystem :Context_1
[2021.08.01-17.46.23:840][621]LogSlate: FSceneViewport::OnFocusLost() reason 0
[2021.08.01-17.46.24:057][621]LogSlate: Window 'Middleware_Alfredo - Unreal Editor' being destroyed
[2021.08.01-17.46.24:215][622]Cmd: QUIT_EDITOR
[2021.08.01-17.46.24:818][622]LogWindowsTextInputMethodSystem: Display: IME system now deactivated.
[2021.08.01-17.46.24:826][622]LogExit: Preparing to exit.
[2021.08.01-17.46.25:240][622]LogExit: Editor shut down
[2021.08.01-17.46.25:240][622]LogExit: Transaction tracking system shut down
[2021.08.01-17.46.25:879][622]LogExit: Object subsystem successfully closed.
[2021.08.01-17.46.25:904][622]LogShaderCompilers: Display: Shaders left to compile 0
[2021.08.01-17.46.25:906][622]LogD3D11RHI: Shutdown
[2021.08.01-17.46.25:906][622]LogD3D11RHI: CleanupD3DDevice
[2021.08.01-17.46.25:908][622]LogD3D11RHI: ~FD3D11DynamicRHI
[2021.08.01-17.46.25:934][622]LogModuleManager: Shutting down and abandoning module MovieSceneCapture (618)
[2021.08.01-17.46.25:934][622]LogModuleManager: Shutting down and abandoning module Voice (616)
[2021.08.01-17.46.25:934][622]LogModuleManager: Shutting down and abandoning module HierarchicalLODOutliner (614)
[2021.08.01-17.46.25:934][622]LogModuleManager: Shutting down and abandoning module SceneOutliner (612)
[2021.08.01-17.46.25:934][622]LogModuleManager: Shutting down and abandoning module WorldBrowser (610)
[2021.08.01-17.46.25:934][622]LogModuleManager: Shutting down and abandoning module AddContentDialog (608)
[2021.08.01-17.46.25:935][622]LogModuleManager: Shutting down and abandoning module WidgetCarousel (607)
[2021.08.01-17.46.25:935][622]LogModuleManager: Shutting down and abandoning module EditorWidgets (604)
[2021.08.01-17.46.25:935][622]LogModuleManager: Shutting down and abandoning module CollectionManager (602)
[2021.08.01-17.46.25:935][622]LogModuleManager: Shutting down and abandoning module MeshBuilder (600)
[2021.08.01-17.46.25:935][622]LogModuleManager: Shutting down and abandoning module StatsViewer (598)
[2021.08.01-17.46.25:935][622]LogModuleManager: Shutting down and abandoning module FoliageEdit (596)
[2021.08.01-17.46.25:935][622]LogModuleManager: Shutting down and abandoning module LandscapeEditor (594)
[2021.08.01-17.46.25:936][622]LogModuleManager: Shutting down and abandoning module MeshPaintMode (592)
[2021.08.01-17.46.25:936][622]LogModuleManager: Shutting down and abandoning module SceneDepthPickerMode (590)
[2021.08.01-17.46.25:936][622]LogModuleManager: Shutting down and abandoning module ActorPickerMode (588)
[2021.08.01-17.46.25:936][622]LogModuleManager: Shutting down and abandoning module GeometryMode (586)
[2021.08.01-17.46.25:936][622]LogModuleManager: Shutting down and abandoning module TextureAlignMode (584)
[2021.08.01-17.46.25:936][622]LogModuleManager: Shutting down and abandoning module BspMode (582)
[2021.08.01-17.46.25:936][622]LogModuleManager: Shutting down and abandoning module PIEPreviewDeviceProfileSelector (580)
[2021.08.01-17.46.25:936][622]LogModuleManager: Shutting down and abandoning module SequenceRecorderSections (578)
[2021.08.01-17.46.25:936][622]LogModuleManager: Shutting down and abandoning module AutomationWorker (576)
[2021.08.01-17.46.25:936][622]LogModuleManager: Shutting down and abandoning module AudioCaptureEditor (574)
[2021.08.01-17.46.25:936][622]LogModuleManager: Shutting down and abandoning module SequenceRecorder (573)
[2021.08.01-17.46.25:936][622]LogModuleManager: Shutting down and abandoning module MatineeToLevelSequence (570)
[2021.08.01-17.46.25:936][622]LogModuleManager: Shutting down and abandoning module LevelSequenceEditor (568)
[2021.08.01-17.46.25:936][622]LogModuleManager: Shutting down and abandoning module PlacementMode (567)
[2021.08.01-17.46.25:936][622]LogModuleManager: Shutting down and abandoning module MaterialEditor (566)
[2021.08.01-17.46.25:937][622]LogModuleManager: Shutting down and abandoning module WmfMediaFactory (562)
[2021.08.01-17.46.25:938][622]LogModuleManager: Shutting down and abandoning module WmfMediaEditor (560)
[2021.08.01-17.46.25:938][622]LogModuleManager: Shutting down and abandoning module MediaPlayerEditor (558)
[2021.08.01-17.46.25:938][622]LogModuleManager: Shutting down and abandoning module OpenExrWrapper (556)
[2021.08.01-17.46.25:938][622]LogModuleManager: Shutting down and abandoning module ImgMediaFactory (554)
[2021.08.01-17.46.25:938][622]LogModuleManager: Shutting down and abandoning module ImgMediaEditor (552)
[2021.08.01-17.46.25:938][622]LogModuleManager: Shutting down and abandoning module AvfMediaFactory (550)
[2021.08.01-17.46.25:938][622]LogModuleManager: Shutting down and abandoning module AvfMediaEditor (548)
[2021.08.01-17.46.25:938][622]LogModuleManager: Shutting down and abandoning module AndroidMediaFactory (546)
[2021.08.01-17.46.25:938][622]LogModuleManager: Shutting down and abandoning module AndroidMediaEditor (544)
[2021.08.01-17.46.25:938][622]LogModuleManager: Shutting down and abandoning module MagicLeapCameraPreviewFactory (542)
[2021.08.01-17.46.25:938][622]LogModuleManager: Shutting down and abandoning module MagicLeapMediaFactory (540)
[2021.08.01-17.46.25:938][622]LogModuleManager: Shutting down and abandoning module MagicLeapMediaEditor (538)
[2021.08.01-17.46.25:938][622]LogModuleManager: Shutting down and abandoning module CharacterAI (536)
[2021.08.01-17.46.25:938][622]LogModuleManager: Shutting down and abandoning module SmartSnapping (534)
[2021.08.01-17.46.25:938][622]LogModuleManager: Shutting down and abandoning module SessionServices (532)
[2021.08.01-17.46.25:938][622]LogModuleManager: Shutting down and abandoning module ViewportSnapping (530)
[2021.08.01-17.46.25:938][622]LogModuleManager: Shutting down and abandoning module ViewportInteraction (528)
[2021.08.01-17.46.25:938][622]LogModuleManager: Shutting down and abandoning module ClothPainter (526)
[2021.08.01-17.46.25:938][622]LogModuleManager: Shutting down and abandoning module SkeletalMeshEditor (525)
[2021.08.01-17.46.25:939][622]LogModuleManager: Shutting down and abandoning module LogVisualizer (522)
[2021.08.01-17.46.25:940][622]LogModuleManager: Shutting down and abandoning module IntroTutorials (520)
[2021.08.01-17.46.25:940][622]LogModuleManager: Shutting down and abandoning module GameProjectGeneration (519)
[2021.08.01-17.46.25:940][622]LogModuleManager: Shutting down and abandoning module LuminPlatformEditor (516)
[2021.08.01-17.46.25:940][622]LogModuleManager: Shutting down and abandoning module IOSPlatformEditor (514)
[2021.08.01-17.46.25:940][622]LogModuleManager: Shutting down and abandoning module HTML5PlatformEditor (512)
[2021.08.01-17.46.25:940][622]LogModuleManager: Shutting down and abandoning module AndroidPlatformEditor (510)
[2021.08.01-17.46.25:940][622]LogModuleManager: Shutting down and abandoning module AndroidDeviceDetection (509)
[2021.08.01-17.46.26:193][622]LogModuleManager: Shutting down and abandoning module WindowsPlatformEditor (506)
[2021.08.01-17.46.26:193][622]LogModuleManager: Shutting down and abandoning module LuminRuntimeSettings (504)
[2021.08.01-17.46.26:193][622]LogModuleManager: Shutting down and abandoning module IOSRuntimeSettings (502)
[2021.08.01-17.46.26:193][622]LogModuleManager: Shutting down and abandoning module AndroidRuntimeSettings (500)
[2021.08.01-17.46.26:193][622]LogModuleManager: Shutting down and abandoning module InputBindingEditor (498)
[2021.08.01-17.46.26:194][622]LogModuleManager: Shutting down and abandoning module MergeActors (496)
[2021.08.01-17.46.26:194][622]LogModuleManager: Shutting down and abandoning module LocalizationDashboard (494)
[2021.08.01-17.46.26:194][622]LogModuleManager: Shutting down and abandoning module LocalizationService (493)
[2021.08.01-17.46.26:194][622]LogModuleManager: Shutting down and abandoning module HardwareTargeting (490)
[2021.08.01-17.46.26:194][622]LogModuleManager: Shutting down and abandoning module DeviceProfileEditor (488)
[2021.08.01-17.46.26:194][622]LogModuleManager: Shutting down and abandoning module UndoHistory (486)
[2021.08.01-17.46.26:194][622]LogModuleManager: Shutting down and abandoning module XmlParser (484)
[2021.08.01-17.46.26:194][622]LogModuleManager: Shutting down and abandoning module Blutility (482)
[2021.08.01-17.46.26:194][622]LogModuleManager: Shutting down and abandoning module ProjectSettingsViewer (480)
[2021.08.01-17.46.26:194][622]LogModuleManager: Shutting down and abandoning module ProjectTargetPlatformEditor (479)
[2021.08.01-17.46.26:194][622]LogModuleManager: Shutting down and abandoning module EditorSettingsViewer (476)
[2021.08.01-17.46.26:194][622]LogModuleManager: Shutting down and abandoning module SettingsEditor (474)
[2021.08.01-17.46.26:194][622]LogModuleManager: Shutting down and abandoning module ProjectLauncher (472)
[2021.08.01-17.46.26:195][622]LogModuleManager: Shutting down and abandoning module SessionFrontend (470)
[2021.08.01-17.46.26:195][622]LogModuleManager: Shutting down and abandoning module ProfilerClient (468)
[2021.08.01-17.46.26:195][622]LogModuleManager: Shutting down and abandoning module DeviceManager (466)
[2021.08.01-17.46.26:195][622]LogModuleManager: Shutting down and abandoning module TargetDeviceServices (465)
[2021.08.01-17.46.26:248][622]LogModuleManager: Shutting down and abandoning module AutomationController (462)
[2021.08.01-17.46.26:248][622]LogModuleManager: Shutting down and abandoning module AutomationWindow (460)
[2021.08.01-17.46.26:248][622]LogModuleManager: Shutting down and abandoning module Layers (458)
[2021.08.01-17.46.26:249][622]LogModuleManager: Shutting down and abandoning module ComponentVisualizers (456)
[2021.08.01-17.46.26:249][622]LogModuleManager: Shutting down and abandoning module DetailCustomizations (454)
[2021.08.01-17.46.26:249][622]LogModuleManager: Shutting down and abandoning module PackagesDialog (452)
[2021.08.01-17.46.26:250][622]LogModuleManager: Shutting down and abandoning module Persona (450)
[2021.08.01-17.46.26:250][622]LogModuleManager: Shutting down and abandoning module AdvancedPreviewScene (449)
[2021.08.01-17.46.26:250][622]LogModuleManager: Shutting down and abandoning module AnimGraph (447)
[2021.08.01-17.46.26:250][622]LogModuleManager: Shutting down and abandoning module Kismet (444)
[2021.08.01-17.46.26:251][622]LogModuleManager: Shutting down and abandoning module GraphEditor (442)
[2021.08.01-17.46.26:252][622]LogModuleManager: Shutting down and abandoning module ClassViewer (440)
[2021.08.01-17.46.26:252][622]LogModuleManager: Shutting down and abandoning module Toolbox (438)
[2021.08.01-17.46.26:252][622]LogModuleManager: Shutting down and abandoning module ModuleUI (436)
[2021.08.01-17.46.26:252][622]LogModuleManager: Shutting down and abandoning module MovieSceneTools (434)
[2021.08.01-17.46.26:252][622]LogModuleManager: Shutting down and abandoning module OutputLog (432)
[2021.08.01-17.46.26:252][622]LogModuleManager: Shutting down and abandoning module GammaUI (430)
[2021.08.01-17.46.26:253][622]LogModuleManager: Shutting down and abandoning module Documentation (428)
[2021.08.01-17.46.26:253][622]LogModuleManager: Shutting down and abandoning module MovieSceneTracks (426)
[2021.08.01-17.46.26:253][622]LogModuleManager: Shutting down and abandoning module MovieScene (424)
[2021.08.01-17.46.26:253][622]LogModuleManager: Shutting down and abandoning module StreamingPauseRendering (422)
[2021.08.01-17.46.26:253][622]LogModuleManager: Shutting down and abandoning module LauncherPlatform (420)
[2021.08.01-17.46.26:253][622]LogModuleManager: Shutting down and abandoning module AnalyticsET (418)
[2021.08.01-17.46.26:253][622]LogModuleManager: Shutting down and abandoning module PortalServices (416)
[2021.08.01-17.46.26:253][622]LogModuleManager: Shutting down and abandoning module PortalRpc (414)
[2021.08.01-17.46.26:253][622]LogModuleManager: Shutting down and abandoning module MessagingRpc (412)
[2021.08.01-17.46.26:253][622]LogModuleManager: Shutting down and abandoning module AIModule (410)
[2021.08.01-17.46.26:253][622]LogModuleManager: Shutting down and abandoning module GameplayDebugger (409)
[2021.08.01-17.46.26:253][622]LogModuleManager: Shutting down and abandoning module AITestSuite (407)
[2021.08.01-17.46.26:253][622]LogModuleManager: Shutting down and abandoning module NavigationSystem (405)
[2021.08.01-17.46.26:253][622]LogModuleManager: Shutting down and abandoning module DesktopPlatform (402)
[2021.08.01-17.46.26:253][622]LogModuleManager: Shutting down and abandoning module ProfilerService (400)
[2021.08.01-17.46.26:477][622]LogModuleManager: Shutting down and abandoning module TaskGraph (398)
[2021.08.01-17.46.26:477][622]LogModuleManager: Shutting down and abandoning module SteamVRController (396)
[2021.08.01-17.46.26:477][622]LogModuleManager: Shutting down and abandoning module ProceduralMeshComponentEditor (394)
[2021.08.01-17.46.26:477][622]LogModuleManager: Shutting down and abandoning module ProceduralMeshComponent (392)
[2021.08.01-17.46.26:477][622]LogModuleManager: Shutting down and abandoning module OculusInput (390)
[2021.08.01-17.46.26:477][622]LogModuleManager: Shutting down and abandoning module MobilePatchingUtils (388)
[2021.08.01-17.46.26:477][622]LogModuleManager: Shutting down and abandoning module EditableMesh (386)
[2021.08.01-17.46.26:478][622]LogModuleManager: Shutting down and abandoning module CustomMeshComponent (384)
[2021.08.01-17.46.26:478][622]LogModuleManager: Shutting down and abandoning module CableComponent (382)
[2021.08.01-17.46.26:478][622]LogModuleManager: Shutting down and abandoning module AudioCapture (380)
[2021.08.01-17.46.26:478][622]LogModuleManager: Shutting down and abandoning module ArchVisCharacter (378)
[2021.08.01-17.46.26:478][622]LogModuleManager: Shutting down and abandoning module AndroidPermission (376)
[2021.08.01-17.46.26:478][622]LogModuleManager: Shutting down and abandoning module NUTUnrealEngine4 (374)
[2021.08.01-17.46.26:478][622]LogModuleManager: Shutting down and abandoning module NetcodeUnitTest (372)
[2021.08.01-17.46.26:478][622]LogModuleManager: Shutting down and abandoning module MediaCompositingEditor (370)
[2021.08.01-17.46.26:478][622]LogModuleManager: Shutting down and abandoning module MediaCompositing (368)
[2021.08.01-17.46.26:478][622]LogModuleManager: Shutting down and abandoning module LinearTimecode (366)
[2021.08.01-17.46.26:478][622]LogModuleManager: Shutting down and abandoning module ImgMedia (364)
[2021.08.01-17.46.26:481][622]LogModuleManager: Shutting down and abandoning module HTML5Networking (362)
[2021.08.01-17.46.26:481][622]LogModuleManager: Shutting down and abandoning module GeometryCacheTracks (360)
[2021.08.01-17.46.26:481][622]LogModuleManager: Shutting down and abandoning module GeometryCacheSequencer (358)
[2021.08.01-17.46.26:481][622]LogModuleManager: Shutting down and abandoning module BackChannel (356)
[2021.08.01-17.46.26:481][622]LogModuleManager: Shutting down and abandoning module AppleVision (354)
[2021.08.01-17.46.26:481][622]LogModuleManager: Shutting down and abandoning module AppleImageUtils (352)
[2021.08.01-17.46.26:481][622]LogModuleManager: Shutting down and abandoning module AlembicImporter (350)
[2021.08.01-17.46.26:481][622]LogModuleManager: Shutting down and abandoning module AlembicLibrary (349)
[2021.08.01-17.46.26:481][622]LogModuleManager: Shutting down and abandoning module GeometryCache (348)
[2021.08.01-17.46.26:481][622]LogModuleManager: Shutting down and abandoning module GeometryCacheEd (347)
[2021.08.01-17.46.26:481][622]LogModuleManager: Shutting down and abandoning module DatasmithContentEditor (342)
[2021.08.01-17.46.26:481][622]LogModuleManager: Shutting down and abandoning module DatasmithContent (340)
[2021.08.01-17.46.26:481][622]LogModuleManager: Shutting down and abandoning module SpeedTreeImporter (338)
[2021.08.01-17.46.26:481][622]LogModuleManager: Shutting down and abandoning module PluginBrowser (336)
[2021.08.01-17.46.26:482][622]LogModuleManager: Shutting down and abandoning module MobileLauncherProfileWizard (334)
[2021.08.01-17.46.26:482][622]LogModuleManager: Shutting down and abandoning module PolygonModeling (332)
[2021.08.01-17.46.26:482][622]LogModuleManager: Shutting down and abandoning module MeshEditor (330)
[2021.08.01-17.46.26:482][622]LogModuleManager: Shutting down and abandoning module CryptoKeysOpenSSL (328)
[2021.08.01-17.46.26:482][622]LogModuleManager: Shutting down and abandoning module CryptoKeys (326)
[2021.08.01-17.46.26:482][622]LogModuleManager: Shutting down and abandoning module VisualStudioSourceCodeAccess (324)
[2021.08.01-17.46.26:482][622]LogModuleManager: Shutting down and abandoning module VisualStudioCodeSourceCodeAccess (322)
[2021.08.01-17.46.26:482][622]LogModuleManager: Shutting down and abandoning module UObjectPlugin (320)
[2021.08.01-17.46.26:482][622]LogModuleManager: Shutting down and abandoning module SubversionSourceControl (318)
[2021.08.01-17.46.26:482][622]LogModuleManager: Shutting down and abandoning module PerforceSourceControl (316)
[2021.08.01-17.46.26:483][622]LogModuleManager: Shutting down and abandoning module GitSourceControl (314)
[2021.08.01-17.46.26:483][622]LogModuleManager: Shutting down and abandoning module SourceControl (313)
[2021.08.01-17.46.26:483][622]LogModuleManager: Shutting down and abandoning module CLionSourceCodeAccess (310)
[2021.08.01-17.46.26:483][622]LogModuleManager: Shutting down and abandoning module LightPropagationVolumeEditor (308)
[2021.08.01-17.46.26:483][622]LogModuleManager: Shutting down and abandoning module PaperTiledImporter (306)
[2021.08.01-17.46.26:483][622]LogModuleManager: Shutting down and abandoning module PaperSpriteSheetImporter (304)
[2021.08.01-17.46.26:483][622]LogModuleManager: Shutting down and abandoning module Paper2DEditor (302)
[2021.08.01-17.46.26:484][622]LogModuleManager: Shutting down and abandoning module MeshPaint (301)
[2021.08.01-17.46.26:484][622]LogModuleManager: Shutting down and abandoning module RuntimePhysXCooking (298)
[2021.08.01-17.46.26:484][622]LogModuleManager: Shutting down and abandoning module PhysXVehiclesEditor (296)
[2021.08.01-17.46.26:484][622]LogModuleManager: Shutting down and abandoning module PhysXVehicles (294)
[2021.08.01-17.46.26:484][622]LogModuleManager: Shutting down and abandoning module OculusEditor (292)
[2021.08.01-17.46.26:484][622]LogModuleManager: Shutting down and abandoning module LocationServicesBPLibrary (290)
[2021.08.01-17.46.26:484][622]LogModuleManager: Shutting down and abandoning module ImmediatePhysicsEditor (288)
[2021.08.01-17.46.26:484][622]LogModuleManager: Shutting down and abandoning module ImmediatePhysics (286)
[2021.08.01-17.46.26:484][622]LogModuleManager: Shutting down and abandoning module ActorSequence (284)
[2021.08.01-17.46.26:484][622]LogModuleManager: Shutting down and abandoning module UdpMessaging (282)
[2021.08.01-17.46.26:585][622]LogModuleManager: Shutting down and abandoning module TcpMessaging (280)
[2021.08.01-17.46.26:685][622]LogModuleManager: Shutting down and abandoning module MagicLeapAudio (278)
[2021.08.01-17.46.26:685][622]LogModuleManager: Shutting down and abandoning module GameplayTagsEditor (276)
[2021.08.01-17.46.26:685][622]LogModuleManager: Shutting down and abandoning module FacialAnimationEditor (274)
[2021.08.01-17.46.26:685][622]LogModuleManager: Shutting down and abandoning module FacialAnimation (272)
[2021.08.01-17.46.26:685][622]LogModuleManager: Shutting down and abandoning module DataValidation (270)
[2021.08.01-17.46.26:685][622]LogModuleManager: Shutting down and abandoning module AssetManagerEditor (268)
[2021.08.01-17.46.26:686][622]LogModuleManager: Shutting down and abandoning module LevelEditor (267)
[2021.08.01-17.46.26:686][622]LogModuleManager: Shutting down and abandoning module PixelInspectorModule (266)
[2021.08.01-17.46.26:686][622]LogModuleManager: Shutting down and abandoning module CommonMenuExtensions (264)
[2021.08.01-17.46.26:686][622]LogModuleManager: Shutting down and abandoning module MainFrame (262)
[2021.08.01-17.46.26:686][622]LogModuleManager: Shutting down and abandoning module HotReload (261)
[2021.08.01-17.46.26:686][622]LogModuleManager: Shutting down and abandoning module ContentBrowser (257)
[2021.08.01-17.46.26:687][622]LogModuleManager: Shutting down and abandoning module TreeMap (255)
[2021.08.01-17.46.26:687][622]LogModuleManager: Shutting down and abandoning module LightPropagationVolumeRuntime (252)
[2021.08.01-17.46.26:687][622]LogModuleManager: Shutting down and abandoning module AISupportModule (250)
[2021.08.01-17.46.26:687][622]LogModuleManager: Shutting down and abandoning module Paper2D (248)
[2021.08.01-17.46.26:687][622]LogModuleManager: Shutting down and abandoning module WindowsMoviePlayer (246)
[2021.08.01-17.46.26:687][622]LogModuleManager: Shutting down and abandoning module WmfMedia (244)
[2021.08.01-17.46.26:688][622]LogModuleManager: Shutting down and abandoning module Media (243)
[2021.08.01-17.46.26:694][622]LogModuleManager: Shutting down and abandoning module PacketHandler (240)
[2021.08.01-17.46.26:694][622]LogModuleManager: Shutting down and abandoning module ClothingSystemEditor (238)
[2021.08.01-17.46.26:694][622]LogModuleManager: Shutting down and abandoning module ClothingSystemRuntime (236)
[2021.08.01-17.46.26:694][622]LogModuleManager: Shutting down and abandoning module MediaAssets (234)
[2021.08.01-17.46.26:694][622]LogModuleManager: Shutting down and abandoning module Overlay (232)
[2021.08.01-17.46.26:694][622]LogModuleManager: Shutting down and abandoning module OverlayEditor (231)
[2021.08.01-17.46.26:694][622]LogModuleManager: Shutting down and abandoning module VREditor (228)
[2021.08.01-17.46.26:695][622]LogModuleManager: Shutting down and abandoning module StringTableEditor (226)
[2021.08.01-17.46.26:695][622]LogModuleManager: Shutting down and abandoning module GameplayTasksEditor (224)
[2021.08.01-17.46.26:695][622]LogModuleManager: Shutting down and abandoning module BehaviorTreeEditor (222)
[2021.08.01-17.46.26:695][622]LogModuleManager: Shutting down and abandoning module FunctionalTesting (220)
[2021.08.01-17.46.26:695][622]LogModuleManager: Shutting down and abandoning module CollisionAnalyzer (218)
[2021.08.01-17.46.26:695][622]LogModuleManager: Shutting down and abandoning module WorkspaceMenuStructure (217)
[2021.08.01-17.46.26:695][622]LogModuleManager: Shutting down and abandoning module UMG (214)
[2021.08.01-17.46.26:695][622]LogModuleManager: Shutting down and abandoning module UMGEditor (213)
[2021.08.01-17.46.26:696][622]LogModuleManager: Shutting down and abandoning module Sequencer (212)
[2021.08.01-17.46.26:696][622]LogModuleManager: Shutting down and abandoning module MessageLog (209)
[2021.08.01-17.46.26:696][622]LogModuleManager: Shutting down and abandoning module SlateReflector (204)
[2021.08.01-17.46.26:697][622]LogModuleManager: Shutting down and abandoning module Slate (202)
[2021.08.01-17.46.26:697][622]LogModuleManager: Shutting down and abandoning module EditorStyle (200)
[2021.08.01-17.46.26:698][622]LogModuleManager: Shutting down and abandoning module MRMesh (198)
[2021.08.01-17.46.26:698][622]LogModuleManager: Shutting down and abandoning module SourceCodeAccess (196)
[2021.08.01-17.46.26:698][622]LogModuleManager: Shutting down and abandoning module HeadMountedDisplay (194)
[2021.08.01-17.46.26:698][622]LogModuleManager: Shutting down and abandoning module XAudio2 (192)
[2021.08.01-17.46.26:698][622]LogModuleManager: Shutting down and abandoning module Networking (190)
[2021.08.01-17.46.26:698][622]LogModuleManager: Shutting down and abandoning module Core (188)
[2021.08.01-17.46.26:698][622]LogModuleManager: Shutting down and abandoning module LevelSequence (186)
[2021.08.01-17.46.26:698][622]LogModuleManager: Shutting down and abandoning module KismetCompiler (184)
[2021.08.01-17.46.26:698][622]LogModuleManager: Shutting down and abandoning module MeshUtilities (182)
[2021.08.01-17.46.26:699][622]LogModuleManager: Shutting down and abandoning module MeshMergeUtilities (181)
[2021.08.01-17.46.26:699][622]LogModuleManager: Shutting down and abandoning module MeshReductionInterface (180)
[2021.08.01-17.46.26:699][622]LogModuleManager: Shutting down and abandoning module SimplygonSwarm (179)
[2021.08.01-17.46.26:699][622]LogModuleManager: Shutting down and abandoning module ProxyLODMeshReduction (177)
[2021.08.01-17.46.26:699][622]LogModuleManager: Shutting down and abandoning module SimplygonMeshReduction (175)
[2021.08.01-17.46.26:699][622]LogModuleManager: Shutting down and abandoning module QuadricMeshReduction (173)
[2021.08.01-17.46.26:700][622]LogModuleManager: Shutting down and abandoning module MaterialBaking (169)
[2021.08.01-17.46.26:700][622]LogModuleManager: Shutting down and abandoning module DirectoryWatcher (165)
[2021.08.01-17.46.26:700][622]LogModuleManager: Shutting down and abandoning module DerivedDataCache (162)
[2021.08.01-17.46.26:740][622]LogDerivedDataCache: Shutdown
[2021.08.01-17.46.26:740][622]LogModuleManager: Shutting down and abandoning module XGEController (160)
[2021.08.01-17.46.26:740][622]LogXGEController: Cleaning working directory: C:/Users/AP/AppData/Local/Temp/UnrealXGEWorkingDir/
[2021.08.01-17.46.26:740][622]LogModuleManager: Shutting down and abandoning module TargetPlatform (158)
[2021.08.01-17.46.26:740][622]LogModuleManager: Shutting down and abandoning module VulkanShaderFormat (157)
[2021.08.01-17.46.26:740][622]LogModuleManager: Shutting down and abandoning module ShaderFormatVectorVM (155)
[2021.08.01-17.46.26:740][622]LogModuleManager: Shutting down and abandoning module ShaderFormatOpenGL (153)
[2021.08.01-17.46.26:741][622]LogModuleManager: Shutting down and abandoning module ShaderFormatD3D (151)
[2021.08.01-17.46.26:741][622]LogModuleManager: Shutting down and abandoning module MetalShaderFormat (149)
[2021.08.01-17.46.26:741][622]LogModuleManager: Shutting down and abandoning module TextureFormatUncompressed (147)
[2021.08.01-17.46.26:741][622]LogModuleManager: Shutting down and abandoning module TextureFormatPVR (145)
[2021.08.01-17.46.26:741][622]LogModuleManager: Shutting down and abandoning module TextureFormatDXT (143)
[2021.08.01-17.46.26:741][622]LogModuleManager: Shutting down and abandoning module TextureFormatIntelISPCTexComp (141)
[2021.08.01-17.46.26:741][622]LogModuleManager: Shutting down and abandoning module TextureFormatASTC (139)
[2021.08.01-17.46.26:741][622]LogModuleManager: Shutting down and abandoning module ImageWrapper (138)
[2021.08.01-17.46.26:741][622]LogModuleManager: Shutting down and abandoning module TextureFormatAndroid (135)
[2021.08.01-17.46.26:741][622]LogModuleManager: Shutting down and abandoning module AudioFormatOpus (133)
[2021.08.01-17.46.26:741][622]LogModuleManager: Shutting down and abandoning module AudioFormatOgg (131)
[2021.08.01-17.46.26:741][622]LogModuleManager: Shutting down and abandoning module AudioFormatADPCM (129)
[2021.08.01-17.46.26:741][622]LogModuleManager: Shutting down and abandoning module LuminTargetPlatform (127)
[2021.08.01-17.46.26:741][622]LogModuleManager: Shutting down and abandoning module LinuxTargetPlatform (125)
[2021.08.01-17.46.26:741][622]LogModuleManager: Shutting down and abandoning module LinuxServerTargetPlatform (123)
[2021.08.01-17.46.26:741][622]LogModuleManager: Shutting down and abandoning module LinuxNoEditorTargetPlatform (121)
[2021.08.01-17.46.26:741][622]LogModuleManager: Shutting down and abandoning module LinuxClientTargetPlatform (119)
[2021.08.01-17.46.26:741][622]LogModuleManager: Shutting down and abandoning module TVOSTargetPlatform (117)
[2021.08.01-17.46.26:742][622]LogModuleManager: Shutting down and abandoning module Messaging (115)
[2021.08.01-17.46.26:742][622]LogModuleManager: Shutting down and abandoning module IOSTargetPlatform (113)
[2021.08.01-17.46.26:742][622]LogModuleManager: Shutting down and abandoning module HTML5TargetPlatform (111)
[2021.08.01-17.46.26:742][622]LogModuleManager: Shutting down and abandoning module AndroidTargetPlatform (109)
[2021.08.01-17.46.26:747][622]LogModuleManager: Shutting down and abandoning module WindowsTargetPlatform (107)
[2021.08.01-17.46.26:747][622]LogModuleManager: Shutting down and abandoning module WindowsServerTargetPlatform (105)
[2021.08.01-17.46.26:747][622]LogModuleManager: Shutting down and abandoning module WindowsNoEditorTargetPlatform (103)
[2021.08.01-17.46.26:747][622]LogModuleManager: Shutting down and abandoning module WindowsClientTargetPlatform (101)
[2021.08.01-17.46.26:747][622]LogModuleManager: Shutting down and abandoning module MacTargetPlatform (99)
[2021.08.01-17.46.26:747][622]LogModuleManager: Shutting down and abandoning module MacServerTargetPlatform (97)
[2021.08.01-17.46.26:747][622]LogModuleManager: Shutting down and abandoning module MacNoEditorTargetPlatform (95)
[2021.08.01-17.46.26:747][622]LogModuleManager: Shutting down and abandoning module MacClientTargetPlatform (93)
[2021.08.01-17.46.26:747][622]LogModuleManager: Shutting down and abandoning module AllDesktopTargetPlatform (91)
[2021.08.01-17.46.26:747][622]LogModuleManager: Shutting down and abandoning module InputCore (88)
[2021.08.01-17.46.26:747][622]LogModuleManager: Shutting down and abandoning module Settings (86)
[2021.08.01-17.46.26:747][622]LogModuleManager: Shutting down and abandoning module PhysXCooking (84)
[2021.08.01-17.46.26:747][622]LogModuleManager: Shutting down and abandoning module SteamVR (82)
[2021.08.01-17.46.26:747][622]LogModuleManager: Shutting down and abandoning module OculusHMD (80)
[2021.08.01-17.46.26:747][622]LogModuleManager: Shutting down and abandoning module ExampleDeviceProfileSelector (78)
[2021.08.01-17.46.26:747][622]LogModuleManager: Shutting down and abandoning module LauncherChunkInstaller (76)
[2021.08.01-17.46.26:747][622]LogModuleManager: Shutting down and abandoning module OnlineBlueprintSupport (74)
[2021.08.01-17.46.26:747][622]LogModuleManager: Shutting down and abandoning module OnlineSubsystem (70)
[2021.08.01-17.46.26:747][622]LogModuleManager: Shutting down and abandoning module XMPP (65)
[2021.08.01-17.46.26:748][622]LogModuleManager: Shutting down and abandoning module WebSockets (64)
[2021.08.01-17.46.26:775][622]LogModuleManager: Shutting down and abandoning module HTTP (61)
[2021.08.01-17.46.26:775][622]LogHttp: Display: Http module shutting down, but needs to wait on 1 outstanding Http requests:
[2021.08.01-17.46.26:775][622]LogHttp: Display: 	verb=[POST] url=[https://datarouter.ol.epicgames.com/datarouter/api/v1/public/data?SessionID=%7BFF22AE2D-408A-9CD4-168D-A4B6CDF94A9E%7D&AppID=UEEditor.Rocket.Release&AppVersion=4.20.3-4369336%2B%2B%2BUE4%2BRelease-4.20&UserID=51d12149449a8144237c8787b5bcbbc9%7C2ffd5f536935415b811adb520c1d8778%7C587548d8-b7cb-4e4a-a01b-c96b2b8e91ae&AppEnvironment=datacollector-binary&UploadType=eteventstream] status=Processing
[2021.08.01-17.46.26:803][622]LogModuleManager: Shutting down and abandoning module SSL (60)
[2021.08.01-17.46.26:804][622]LogModuleManager: Shutting down and abandoning module MagicLeapEmulator (56)
[2021.08.01-17.46.26:804][622]LogModuleManager: Shutting down and abandoning module MagicLeapPrivileges (54)
[2021.08.01-17.46.26:804][622]LogModuleManager: Shutting down and abandoning module MagicLeapIdentity (52)
[2021.08.01-17.46.26:804][622]LogModuleManager: Shutting down and abandoning module MagicLeapHelperVulkan (50)
[2021.08.01-17.46.26:804][622]LogModuleManager: Shutting down and abandoning module MagicLeapHelperOpenGL (48)
[2021.08.01-17.46.26:804][622]LogModuleManager: Shutting down and abandoning module MagicLeapSecureStorage (46)
[2021.08.01-17.46.26:804][622]LogModuleManager: Shutting down and abandoning module MagicLeapGestures (44)
[2021.08.01-17.46.26:804][622]LogModuleManager: Shutting down and abandoning module MagicLeapEyeTracker (42)
[2021.08.01-17.46.26:804][622]LogModuleManager: Shutting down and abandoning module MagicLeapController (40)
[2021.08.01-17.46.26:804][622]LogSlate: Slate User Destroyed.  User Index 0, Is Virtual User: 0
[2021.08.01-17.46.26:804][622]LogModuleManager: Shutting down and abandoning module MagicLeap (38)
[2021.08.01-17.46.26:804][622]LogModuleManager: Shutting down and abandoning module AnimationModifiers (36)
[2021.08.01-17.46.26:805][622]LogModuleManager: Shutting down and abandoning module PropertyEditor (35)
[2021.08.01-17.46.26:805][622]LogModuleManager: Shutting down and abandoning module AudioEditor (32)
[2021.08.01-17.46.26:805][622]LogModuleManager: Shutting down and abandoning module TextureCompressor (30)
[2021.08.01-17.46.26:805][622]LogModuleManager: Shutting down and abandoning module ShaderCore (28)
[2021.08.01-17.46.26:805][622]LogModuleManager: Shutting down and abandoning module Landscape (26)
[2021.08.01-17.46.26:805][622]LogModuleManager: Shutting down and abandoning module SlateRHIRenderer (24)
[2021.08.01-17.46.26:806][622]LogModuleManager: Shutting down and abandoning module OpenGLDrv (22)
[2021.08.01-17.46.26:806][622]LogModuleManager: Shutting down and abandoning module D3D11RHI (20)
[2021.08.01-17.46.26:806][622]LogModuleManager: Shutting down and abandoning module AnimGraphRuntime (18)
[2021.08.01-17.46.26:806][622]LogModuleManager: Shutting down and abandoning module Renderer (16)
[2021.08.01-17.46.26:806][622]LogModuleManager: Shutting down and abandoning module Engine (14)
[2021.08.01-17.46.26:806][622]LogModuleManager: Shutting down and abandoning module CoreUObject (12)
[2021.08.01-17.46.26:806][622]LogModuleManager: Shutting down and abandoning module NetworkFile (10)
[2021.08.01-17.46.26:806][622]LogModuleManager: Shutting down and abandoning module CookedIterativeFile (8)
[2021.08.01-17.46.26:806][622]LogModuleManager: Shutting down and abandoning module StreamingFile (6)
[2021.08.01-17.46.26:806][622]LogModuleManager: Shutting down and abandoning module SandboxFile (4)
[2021.08.01-17.46.26:806][622]LogModuleManager: Shutting down and abandoning module PakFile (2)
[2021.08.01-17.46.26:815][622]LogExit: Exiting.
[2021.08.01-17.46.26:821][622]Log file closed, 08/01/21 19:46:26
